Log file open, 01/14/18 20:00:24
LogWindows: Failed to load 'aqProf.dll' (GetLastError=126)
LogWindows: File 'aqProf.dll' does not exist
LogWindows: Failed to load 'VtuneApi.dll' (GetLastError=126)
LogWindows: File 'VtuneApi.dll' does not exist
LogWindows: Failed to load 'VtuneApi32e.dll' (GetLastError=126)
LogWindows: File 'VtuneApi32e.dll' does not exist
LogInit: Display: Running engine for game: EscapeRoom
LogPlatformFile: Not using cached read wrapper
LogInit: Display: RandInit(81477708) SRandInit(81477715).
LogInit: Read version file with build ID '3709383'
LogInit: Overriding engine version to CL 3794801, compatible CL 3709383
LogInit: Registered custom module enumerator with build ID '3709383'
LogTaskGraph: Started task graph with 5 named threads and 14 total threads with 3 sets of task threads.
LogStats: Stats thread started at 0.211390
LogD3D11RHI: Aftermath initialized
LogPluginManager: Mounting plugin Paper2D
LogPluginManager: Mounting plugin LightPropagationVolume
LogPluginManager: Mounting plugin CodeLiteSourceCodeAccess
LogPluginManager: Mounting plugin GitSourceControl
LogPluginManager: Mounting plugin KDevelopSourceCodeAccess
LogPluginManager: Mounting plugin NullSourceCodeAccess
LogPluginManager: Mounting plugin PerforceSourceControl
LogPluginManager: Mounting plugin SubversionSourceControl
LogPluginManager: Mounting plugin UObjectPlugin
LogPluginManager: Mounting plugin VisualStudioCodeSourceCodeAccess
LogPluginManager: Mounting plugin VisualStudioSourceCodeAccess
LogPluginManager: Mounting plugin XCodeSourceCodeAccess
LogPluginManager: Mounting plugin AssetManagerEditor
LogPluginManager: Mounting plugin AudioCapture
LogPluginManager: Mounting plugin FacialAnimation
LogPluginManager: Mounting plugin GameplayTagsEditor
LogPluginManager: Mounting plugin MobileLauncherProfileWizard
LogPluginManager: Mounting plugin PluginBrowser
LogPluginManager: Mounting plugin SpeedTreeImporter
LogPluginManager: Mounting plugin AlembicImporter
LogPluginManager: Mounting plugin CharacterAI
LogPluginManager: Mounting plugin HTML5Networking
LogPluginManager: Mounting plugin AndroidMedia
LogPluginManager: Mounting plugin AvfMedia
LogPluginManager: Mounting plugin ImgMedia
LogPluginManager: Mounting plugin MediaCompositing
LogPluginManager: Mounting plugin MediaPlayerEditor
LogPluginManager: Mounting plugin WmfMedia
LogPluginManager: Mounting plugin TcpMessaging
LogPluginManager: Mounting plugin UdpMessaging
LogPluginManager: Mounting plugin ActorSequence
LogPluginManager: Mounting plugin LevelSequenceEditor
LogPluginManager: Mounting plugin MatineeToLevelSequence
LogPluginManager: Mounting plugin OnlineSubsystemGooglePlay
LogPluginManager: Mounting plugin OnlineSubsystemIOS
LogPluginManager: Mounting plugin OnlineSubsystem
LogPluginManager: Mounting plugin OnlineSubsystemNull
LogPluginManager: Mounting plugin OnlineSubsystemUtils
LogPluginManager: Mounting plugin AndroidDeviceProfileSelector
LogPluginManager: Mounting plugin AndroidMoviePlayer
LogPluginManager: Mounting plugin AndroidPermission
LogPluginManager: Mounting plugin AppleARKit
LogPluginManager: Mounting plugin AppleMoviePlayer
LogPluginManager: Mounting plugin ArchVisCharacter
LogPluginManager: Mounting plugin CableComponent
LogPluginManager: Mounting plugin CustomMeshComponent
LogPluginManager: Mounting plugin ExampleDeviceProfileSelector
LogPluginManager: Mounting plugin GoogleCloudMessaging
LogPluginManager: Mounting plugin ImmediatePhysics
LogPluginManager: Mounting plugin IOSDeviceProfileSelector
LogPluginManager: Mounting plugin LinuxDeviceProfileSelector
LogPluginManager: Mounting plugin LocationServicesBPLibrary
LogPluginManager: Mounting plugin MobilePatchingUtils
LogPluginManager: Mounting plugin OculusVR
LogPluginManager: Plugin shader directory ../../../Engine/Plugins/Runtime/Oculus/OculusVR/Shaders found
LogPluginManager: Mapping shader source directory ../../../Engine/Plugins/Runtime/Oculus/OculusVR/Shaders to virtual directory /Plugin/OculusVR
LogPluginManager: Mounting plugin PhysXVehicles
LogPluginManager: Mounting plugin ProceduralMeshComponent
LogPluginManager: Mounting plugin RuntimePhysXCooking
LogPluginManager: Mounting plugin SteamVR
LogPluginManager: Mounting plugin WindowsMoviePlayer
LogModuleManager: Display: Found up-to-date module file ../../../../../../Users/Arax/Documents/Repos/EscapeRoom/Binaries/Win64/UE4Editor-EscapeRoom-481.dll (API version 3709383).
LogModuleManager: Display: Found up-to-date module file ../../../Engine/Plugins/2D/Paper2D/Binaries/Win64/UE4Editor-Paper2D.dll (API version 3709383).
LogModuleManager: Display: Found up-to-date module file ../../../Engine/Plugins/2D/Paper2D/Binaries/Win64/UE4Editor-Paper2DEditor.dll (API version 3709383).
LogModuleManager: Display: Found up-to-date module file ../../../Engine/Plugins/2D/Paper2D/Binaries/Win64/UE4Editor-PaperSpriteSheetImporter.dll (API version 3709383).
LogModuleManager: Display: Found up-to-date module file ../../../Engine/Plugins/2D/Paper2D/Binaries/Win64/UE4Editor-PaperTiledImporter.dll (API version 3709383).
LogModuleManager: Display: Found up-to-date module file ../../../Engine/Plugins/2D/Paper2D/Binaries/Win64/UE4Editor-SmartSnapping.dll (API version 3709383).
LogModuleManager: Display: Found up-to-date module file ../../../Engine/Plugins/Blendables/LightPropagationVolume/Binaries/Win64/UE4Editor-LightPropagationVolumeRuntime.dll (API version 3709383).
LogModuleManager: Display: Found up-to-date module file ../../../Engine/Plugins/Blendables/LightPropagationVolume/Binaries/Win64/UE4Editor-LightPropagationVolumeEditor.dll (API version 3709383).
LogModuleManager: Display: Found up-to-date module file ../../../Engine/Plugins/Developer/GitSourceControl/Binaries/Win64/UE4Editor-GitSourceControl.dll (API version 3709383).
LogModuleManager: Display: Found up-to-date module file ../../../Engine/Plugins/Developer/PerforceSourceControl/Binaries/Win64/UE4Editor-PerforceSourceControl.dll (API version 3709383).
LogModuleManager: Display: Found up-to-date module file ../../../Engine/Plugins/Developer/SubversionSourceControl/Binaries/Win64/UE4Editor-SubversionSourceControl.dll (API version 3709383).
LogModuleManager: Display: Found up-to-date module file ../../../Engine/Plugins/Developer/UObjectPlugin/Binaries/Win64/UE4Editor-UObjectPlugin.dll (API version 3709383).
LogModuleManager: Display: Found up-to-date module file ../../../Engine/Plugins/Developer/VisualStudioCodeSourceCodeAccess/Binaries/Win64/UE4Editor-VisualStudioCodeSourceCodeAccess.dll (API version 3709383).
LogModuleManager: Display: Found up-to-date module file ../../../Engine/Plugins/Developer/VisualStudioSourceCodeAccess/Binaries/Win64/UE4Editor-VisualStudioSourceCodeAccess.dll (API version 3709383).
LogModuleManager: Display: Found up-to-date module file ../../../Engine/Plugins/Editor/AssetManagerEditor/Binaries/Win64/UE4Editor-AssetManagerEditor.dll (API version 3709383).
LogModuleManager: Display: Found up-to-date module file ../../../Engine/Plugins/Editor/AudioCapture/Binaries/Win64/UE4Editor-AudioCapture.dll (API version 3709383).
LogModuleManager: Display: Found up-to-date module file ../../../Engine/Plugins/Editor/FacialAnimation/Binaries/Win64/UE4Editor-FacialAnimation.dll (API version 3709383).
LogModuleManager: Display: Found up-to-date module file ../../../Engine/Plugins/Editor/FacialAnimation/Binaries/Win64/UE4Editor-FacialAnimationEditor.dll (API version 3709383).
LogModuleManager: Display: Found up-to-date module file ../../../Engine/Plugins/Editor/GameplayTagsEditor/Binaries/Win64/UE4Editor-GameplayTagsEditor.dll (API version 3709383).
LogModuleManager: Display: Found up-to-date module file ../../../Engine/Plugins/Editor/MobileLauncherProfileWizard/Binaries/Win64/UE4Editor-MobileLauncherProfileWizard.dll (API version 3709383).
LogModuleManager: Display: Found up-to-date module file ../../../Engine/Plugins/Editor/PluginBrowser/Binaries/Win64/UE4Editor-PluginBrowser.dll (API version 3709383).
LogModuleManager: Display: Found up-to-date module file ../../../Engine/Plugins/Editor/SpeedTreeImporter/Binaries/Win64/UE4Editor-SpeedTreeImporter.dll (API version 3709383).
LogModuleManager: Display: Found up-to-date module file ../../../Engine/Plugins/Experimental/AlembicImporter/Binaries/Win64/UE4Editor-AlembicImporter.dll (API version 3709383).
LogModuleManager: Display: Found up-to-date module file ../../../Engine/Plugins/Experimental/AlembicImporter/Binaries/Win64/UE4Editor-AlembicLibrary.dll (API version 3709383).
LogModuleManager: Display: Found up-to-date module file ../../../Engine/Plugins/Experimental/CharacterAI/Binaries/Win64/UE4Editor-CharacterAI.dll (API version 3709383).
LogModuleManager: Display: Found up-to-date module file ../../../Engine/Plugins/Experimental/HTML5Networking/Binaries/Win64/UE4Editor-HTML5Networking.dll (API version 3709383).
LogModuleManager: Display: Found up-to-date module file ../../../Engine/Plugins/Media/AndroidMedia/Binaries/Win64/UE4Editor-AndroidMediaEditor.dll (API version 3709383).
LogModuleManager: Display: Found up-to-date module file ../../../Engine/Plugins/Media/AndroidMedia/Binaries/Win64/UE4Editor-AndroidMediaFactory.dll (API version 3709383).
LogModuleManager: Display: Found up-to-date module file ../../../Engine/Plugins/Media/AvfMedia/Binaries/Win64/UE4Editor-AvfMediaEditor.dll (API version 3709383).
LogModuleManager: Display: Found up-to-date module file ../../../Engine/Plugins/Media/AvfMedia/Binaries/Win64/UE4Editor-AvfMediaFactory.dll (API version 3709383).
LogModuleManager: Display: Found up-to-date module file ../../../Engine/Plugins/Media/AvfMedia/Binaries/Win64/UE4Editor-AvfMediaFactory.dll (API version 3709383).
LogModuleManager: Display: Found up-to-date module file ../../../Engine/Plugins/Media/ImgMedia/Binaries/Win64/UE4Editor-ImgMedia.dll (API version 3709383).
LogModuleManager: Display: Found up-to-date module file ../../../Engine/Plugins/Media/ImgMedia/Binaries/Win64/UE4Editor-ImgMediaEditor.dll (API version 3709383).
LogModuleManager: Display: Found up-to-date module file ../../../Engine/Plugins/Media/ImgMedia/Binaries/Win64/UE4Editor-ImgMediaFactory.dll (API version 3709383).
LogModuleManager: Display: Found up-to-date module file ../../../Engine/Plugins/Media/ImgMedia/Binaries/Win64/UE4Editor-ImgMediaFactory.dll (API version 3709383).
LogModuleManager: Display: Found up-to-date module file ../../../Engine/Plugins/Media/ImgMedia/Binaries/Win64/UE4Editor-OpenExrWrapper.dll (API version 3709383).
LogModuleManager: Display: Found up-to-date module file ../../../Engine/Plugins/Media/MediaCompositing/Binaries/Win64/UE4Editor-MediaCompositing.dll (API version 3709383).
LogModuleManager: Display: Found up-to-date module file ../../../Engine/Plugins/Media/MediaCompositing/Binaries/Win64/UE4Editor-MediaCompositingEditor.dll (API version 3709383).
LogModuleManager: Display: Found up-to-date module file ../../../Engine/Plugins/Media/MediaPlayerEditor/Binaries/Win64/UE4Editor-MediaPlayerEditor.dll (API version 3709383).
LogModuleManager: Display: Found up-to-date module file ../../../Engine/Plugins/Media/WmfMedia/Binaries/Win64/UE4Editor-WmfMedia.dll (API version 3709383).
LogModuleManager: Display: Found up-to-date module file ../../../Engine/Plugins/Media/WmfMedia/Binaries/Win64/UE4Editor-WmfMediaEditor.dll (API version 3709383).
LogModuleManager: Display: Found up-to-date module file ../../../Engine/Plugins/Media/WmfMedia/Binaries/Win64/UE4Editor-WmfMediaFactory.dll (API version 3709383).
LogModuleManager: Display: Found up-to-date module file ../../../Engine/Plugins/Media/WmfMedia/Binaries/Win64/UE4Editor-WmfMediaFactory.dll (API version 3709383).
LogModuleManager: Display: Found up-to-date module file ../../../Engine/Plugins/Messaging/TcpMessaging/Binaries/Win64/UE4Editor-TcpMessaging.dll (API version 3709383).
LogModuleManager: Display: Found up-to-date module file ../../../Engine/Plugins/Messaging/UdpMessaging/Binaries/Win64/UE4Editor-UdpMessaging.dll (API version 3709383).
LogModuleManager: Display: Found up-to-date module file ../../../Engine/Plugins/MovieScene/ActorSequence/Binaries/Win64/UE4Editor-ActorSequence.dll (API version 3709383).
LogModuleManager: Display: Found up-to-date module file ../../../Engine/Plugins/MovieScene/LevelSequenceEditor/Binaries/Win64/UE4Editor-LevelSequenceEditor.dll (API version 3709383).
LogModuleManager: Display: Found up-to-date module file ../../../Engine/Plugins/MovieScene/MatineeToLevelSequence/Binaries/Win64/UE4Editor-MatineeToLevelSequence.dll (API version 3709383).
LogModuleManager: Display: Found up-to-date module file ../../../Engine/Plugins/Online/OnlineSubsystem/Binaries/Win64/UE4Editor-OnlineSubsystem.dll (API version 3709383).
LogModuleManager: Display: Found up-to-date module file ../../../Engine/Plugins/Online/OnlineSubsystemNull/Binaries/Win64/UE4Editor-OnlineSubsystemNull.dll (API version 3709383).
LogModuleManager: Display: Found up-to-date module file ../../../Engine/Plugins/Online/OnlineSubsystemUtils/Binaries/Win64/UE4Editor-OnlineSubsystemUtils.dll (API version 3709383).
LogModuleManager: Display: Found up-to-date module file ../../../Engine/Plugins/Online/OnlineSubsystemUtils/Binaries/Win64/UE4Editor-OnlineBlueprintSupport.dll (API version 3709383).
LogModuleManager: Display: Found up-to-date module file ../../../Engine/Plugins/Runtime/AndroidDeviceProfileSelector/Binaries/Win64/UE4Editor-AndroidDeviceProfileSelector.dll (API version 3709383).
LogModuleManager: Display: Found up-to-date module file ../../../Engine/Plugins/Runtime/AndroidPermission/Binaries/Win64/UE4Editor-AndroidPermission.dll (API version 3709383).
LogModuleManager: Display: Found up-to-date module file ../../../Engine/Plugins/Runtime/AppleARKit/Binaries/Win64/UE4Editor-AppleARKit.dll (API version 3709383).
LogModuleManager: Display: Found up-to-date module file ../../../Engine/Plugins/Runtime/ArchVisCharacter/Binaries/Win64/UE4Editor-ArchVisCharacter.dll (API version 3709383).
LogModuleManager: Display: Found up-to-date module file ../../../Engine/Plugins/Runtime/CableComponent/Binaries/Win64/UE4Editor-CableComponent.dll (API version 3709383).
LogModuleManager: Display: Found up-to-date module file ../../../Engine/Plugins/Runtime/CustomMeshComponent/Binaries/Win64/UE4Editor-CustomMeshComponent.dll (API version 3709383).
LogModuleManager: Display: Found up-to-date module file ../../../Engine/Plugins/Runtime/ExampleDeviceProfileSelector/Binaries/Win64/UE4Editor-ExampleDeviceProfileSelector.dll (API version 3709383).
LogModuleManager: Display: Found up-to-date module file ../../../Engine/Plugins/Runtime/ImmediatePhysics/Binaries/Win64/UE4Editor-ImmediatePhysics.dll (API version 3709383).
LogModuleManager: Display: Found up-to-date module file ../../../Engine/Plugins/Runtime/ImmediatePhysics/Binaries/Win64/UE4Editor-ImmediatePhysicsEditor.dll (API version 3709383).
LogModuleManager: Display: Found up-to-date module file ../../../Engine/Plugins/Runtime/LocationServicesBPLibrary/Binaries/Win64/UE4Editor-LocationServicesBPLibrary.dll (API version 3709383).
LogModuleManager: Display: Found up-to-date module file ../../../Engine/Plugins/Runtime/MobilePatchingUtils/Binaries/Win64/UE4Editor-MobilePatchingUtils.dll (API version 3709383).
LogModuleManager: Display: Found up-to-date module file ../../../Engine/Plugins/Runtime/Oculus/OculusVR/Binaries/Win64/UE4Editor-OculusHMD.dll (API version 3709383).
LogModuleManager: Display: Found up-to-date module file ../../../Engine/Plugins/Runtime/Oculus/OculusVR/Binaries/Win64/UE4Editor-OculusInput.dll (API version 3709383).
LogModuleManager: Display: Found up-to-date module file ../../../Engine/Plugins/Runtime/Oculus/OculusVR/Binaries/Win64/UE4Editor-OculusEditor.dll (API version 3709383).
LogModuleManager: Display: Found up-to-date module file ../../../Engine/Plugins/Runtime/PhysXVehicles/Binaries/Win64/UE4Editor-PhysXVehicles.dll (API version 3709383).
LogModuleManager: Display: Found up-to-date module file ../../../Engine/Plugins/Runtime/PhysXVehicles/Binaries/Win64/UE4Editor-PhysXVehiclesEditor.dll (API version 3709383).
LogModuleManager: Display: Found up-to-date module file ../../../Engine/Plugins/Runtime/ProceduralMeshComponent/Binaries/Win64/UE4Editor-ProceduralMeshComponent.dll (API version 3709383).
LogModuleManager: Display: Found up-to-date module file ../../../Engine/Plugins/Runtime/ProceduralMeshComponent/Binaries/Win64/UE4Editor-ProceduralMeshComponentEditor.dll (API version 3709383).
LogModuleManager: Display: Found up-to-date module file ../../../Engine/Plugins/Runtime/RuntimePhysXCooking/Binaries/Win64/UE4Editor-RuntimePhysXCooking.dll (API version 3709383).
LogModuleManager: Display: Found up-to-date module file ../../../Engine/Plugins/Runtime/Steam/SteamVR/Binaries/Win64/UE4Editor-SteamVR.dll (API version 3709383).
LogModuleManager: Display: Found up-to-date module file ../../../Engine/Plugins/Runtime/Steam/SteamVR/Binaries/Win64/UE4Editor-SteamVRController.dll (API version 3709383).
LogModuleManager: Display: Found up-to-date module file ../../../Engine/Plugins/Runtime/WindowsMoviePlayer/Binaries/Win64/UE4Editor-WindowsMoviePlayer.dll (API version 3709383).
LogInit: Using libcurl 7.47.1
LogInit:  - built for x86_64-pc-win32
LogInit:  - supports SSL with OpenSSL/1.0.2g
LogInit:  - supports HTTP deflate (compression) using libz 1.2.8
LogInit:  - other features:
LogInit:      CURL_VERSION_SSL
LogInit:      CURL_VERSION_LIBZ
LogInit:      CURL_VERSION_IPV6
LogInit:      CURL_VERSION_ASYNCHDNS
LogInit:      CURL_VERSION_LARGEFILE
LogInit:      CURL_VERSION_IDN
LogInit:  CurlRequestOptions (configurable via config and command line):
LogInit:  - bVerifyPeer = false  - Libcurl will NOT verify peer certificate
LogInit:  - bUseHttpProxy = false  - Libcurl will NOT use HTTP proxy
LogInit:  - bDontReuseConnections = false  - Libcurl will reuse connections
LogInit:  - CertBundlePath = nullptr  - Libcurl will use whatever was configured at build time.
LogInit: Build: ++UE4+Release-4.18-CL-3794801
LogInit: Engine Version: 4.18.2-3794801+++UE4+Release-4.18
LogInit: Compatible Engine Version: 4.18.0-3709383+++UE4+Release-4.18
LogInit: Net CL: 3709383
LogDevObjectVersion: Number of dev versions registered: 16
LogDevObjectVersion:   Dev-Blueprints (B0D832E4-1F89-4F0D-ACCF-7EB736FD4AA2): 10
LogDevObjectVersion:   Dev-Build (E1C64328-A22C-4D53-A36C-8E866417BD8C): 0
LogDevObjectVersion:   Dev-Core (375EC13C-06E4-48FB-B500-84F0262A717E): 2
LogDevObjectVersion:   Dev-Editor (E4B068ED-F494-42E9-A231-DA0B2E46BB41): 20
LogDevObjectVersion:   Dev-Framework (CFFC743F-43B0-4480-9391-14DF171D2073): 30
LogDevObjectVersion:   Dev-Mobile (B02B49B5-BB20-44E9-A304-32B752E40360): 0
LogDevObjectVersion:   Dev-Networking (A4E4105C-59A1-49B5-A7C5-40C4547EDFEE): 0
LogDevObjectVersion:   Dev-Online (39C831C9-5AE6-47DC-9A44-9C173E1C8E7C): 0
LogDevObjectVersion:   Dev-Physics (78F01B33-EBEA-4F98-B9B4-84EACCB95AA2): 0
LogDevObjectVersion:   Dev-Platform (6631380F-2D4D-43E0-8009-CF276956A95A): 0
LogDevObjectVersion:   Dev-Rendering (12F88B9F-8875-4AFC-A67C-D90C383ABD29): 20
LogDevObjectVersion:   Dev-Sequencer (7B5AE74C-D270-4C10-A958-57980B212A5A): 4
LogDevObjectVersion:   Dev-VR (D7296918-1DD6-4BDD-9DE2-64A83CC13884): 0
LogDevObjectVersion:   Dev-LoadTimes (C2A15278-BFE7-4AFE-6C17-90FF531DF755): 1
LogDevObjectVersion:   Private-Geometry (6EACA3D4-40EC-4CC1-B786-8BED09428FC5): 1
LogDevObjectVersion:   Dev-AnimPhys (29E575DD-E0A3-4627-9D10-D276232CDCEA): 12
LogInit: Compiled (64-bit): Dec  8 2017 02:04:53
LogInit: Compiled with Visual C++: 19.00.24215.01
LogInit: Build Configuration: Development
LogInit: Branch Name: ++UE4+Release-4.18
LogInit: Command line: -EpicPortal 
LogInit: Base directory: C:/Program Files/Epic Games/UE_4.18/Engine/Binaries/Win64/
LogInit: Installed Engine Build: 1
LogInit: Presizing for max 8388607 objects, including 0 objects not considered by GC, pre-allocating 0 bytes for permanent pool.
LogInit: Object subsystem initialized
[2018.01.15-02.00.27:354][  0]LogInit: Selected Device Profile: [Windows]
[2018.01.15-02.00.27:354][  0]LogInit: Applying CVar settings loaded from the selected device profile: [Windows]
[2018.01.15-02.00.27:386][  0]LogInit: Computer: X
[2018.01.15-02.00.27:386][  0]LogInit: User: Arax
[2018.01.15-02.00.27:386][  0]LogInit: CPU Page size=4096, Cores=4
[2018.01.15-02.00.27:386][  0]LogInit: High frequency timer resolution =14.318180 MHz
[2018.01.15-02.00.27:387][  0]LogMemory: Memory total: Physical=19.9GB (20GB approx)
[2018.01.15-02.00.27:387][  0]LogMemory: Platform Memory Stats for Windows
[2018.01.15-02.00.27:387][  0]LogMemory: Process Physical Memory: 271.61 MB used, 271.61 MB peak
[2018.01.15-02.00.27:387][  0]LogMemory: Process Virtual Memory: 270.00 MB used, 270.00 MB peak
[2018.01.15-02.00.27:387][  0]LogMemory: Physical Memory: 5528.71 MB used,  14849.72 MB free, 20378.43 MB total
[2018.01.15-02.00.27:387][  0]LogMemory: Virtual Memory: 624.14 MB used,  14849.72 MB free, 134217728.00 MB total
[2018.01.15-02.00.27:664][  0]LogInit: Using OS detected language (en-US).
[2018.01.15-02.00.27:664][  0]LogInit: Using OS detected locale (en-US).
[2018.01.15-02.00.27:669][  0]LogTextLocalizationManager: No specific localization for 'en-US' exists, so the 'en' localization will be used.
[2018.01.15-02.00.28:227][  0]LogInit: Setting process to per monitor DPI aware
[2018.01.15-02.00.28:635][  0]LogD3D11RHI: D3D11 adapters:
[2018.01.15-02.00.28:669][  0]LogD3D11RHI:    0. 'NVIDIA GeForce GTX 1060 6GB' (Feature Level 11_0)
[2018.01.15-02.00.28:669][  0]LogD3D11RHI:       6005/0/10189 MB DedicatedVideo/DedicatedSystem/SharedSystem, Outputs:2, VendorId:0x10de
[2018.01.15-02.00.28:670][  0]LogD3D11RHI:    1. 'Microsoft Basic Render Driver' (Feature Level 11_0)
[2018.01.15-02.00.28:670][  0]LogD3D11RHI:       0/0/256 MB DedicatedVideo/DedicatedSystem/SharedSystem, Outputs:0, VendorId:0x1414
[2018.01.15-02.00.28:670][  0]LogD3D11RHI: Chosen D3D11 Adapter: 0
[2018.01.15-02.00.28:677][  0]LogD3D11RHI: Creating new Direct3DDevice
[2018.01.15-02.00.28:677][  0]LogD3D11RHI:     GPU DeviceId: 0x1c03 (for the marketing name, search the web for "GPU Device Id")
[2018.01.15-02.00.28:677][  0]LogWindows: EnumDisplayDevices:
[2018.01.15-02.00.28:677][  0]LogWindows:    0. 'NVIDIA GeForce GTX 1060 6GB' (P:1 D:1)
[2018.01.15-02.00.28:678][  0]LogWindows:    1. 'NVIDIA GeForce GTX 1060 6GB' (P:0 D:1)
[2018.01.15-02.00.28:678][  0]LogWindows:    2. 'NVIDIA GeForce GTX 1060 6GB' (P:0 D:0)
[2018.01.15-02.00.28:678][  0]LogWindows:    3. 'NVIDIA GeForce GTX 1060 6GB' (P:0 D:0)
[2018.01.15-02.00.28:679][  0]LogWindows: DebugString: FoundDriverCount:4 
[2018.01.15-02.00.28:679][  0]LogD3D11RHI:     Adapter Name: NVIDIA GeForce GTX 1060 6GB
[2018.01.15-02.00.28:679][  0]LogD3D11RHI:   Driver Version: 388.71 (internal:23.21.13.8871, unified:388.71)
[2018.01.15-02.00.28:679][  0]LogD3D11RHI:      Driver Date: 12-15-2017
[2018.01.15-02.00.28:679][  0]LogRHI: Texture pool is 4204 MB (70% of 6005 MB)
[2018.01.15-02.00.28:698][  0]LogD3D11RHI: Async texture creation enabled
[2018.01.15-02.00.28:718][  0]LogD3D11RHI: GPU Timing Frequency: 1000.000000 (Debug: 2 2)
[2018.01.15-02.00.28:771][  0]LogShaderCompilers: Guid format shader working directory is -10 characters bigger than the processId version (../../../../../../Users/Arax/Documents/Repos/EscapeRoom/Intermediate/Shaders/WorkingDirectory/3008/).
[2018.01.15-02.00.28:771][  0]LogShaderCompilers: Cleaned the shader compiler working directory 'C:/Users/Arax/AppData/Local/Temp/UnrealShaderWorkingDir/DFEE7B3B4BA46D796AF2C29AB31B8ADF/'.
[2018.01.15-02.00.28:771][  0]LogShaderCompilers: Display: Using Local Shader Compiler.
[2018.01.15-02.00.30:282][  0]LogTemp: Display: Loaded TP AllDesktopTargetPlatform
[2018.01.15-02.00.30:373][  0]LogTemp: Display: Loaded TP MacClientTargetPlatform
[2018.01.15-02.00.30:466][  0]LogTemp: Display: Loaded TP MacNoEditorTargetPlatform
[2018.01.15-02.00.30:560][  0]LogTemp: Display: Loaded TP MacServerTargetPlatform
[2018.01.15-02.00.30:654][  0]LogTemp: Display: Loaded TP MacTargetPlatform
[2018.01.15-02.00.30:745][  0]LogTemp: Display: Loaded TP WindowsClientTargetPlatform
[2018.01.15-02.00.30:836][  0]LogTemp: Display: Loaded TP WindowsNoEditorTargetPlatform
[2018.01.15-02.00.30:929][  0]LogTemp: Display: Loaded TP WindowsServerTargetPlatform
[2018.01.15-02.00.31:010][  0]LogTemp: Display: Loaded TP WindowsTargetPlatform
[2018.01.15-02.00.31:099][  0]LogTemp: Display: Loaded TP Android_ASTCTargetPlatform
[2018.01.15-02.00.31:189][  0]LogTemp: Display: Loaded TP Android_ATCTargetPlatform
[2018.01.15-02.00.31:278][  0]LogTemp: Display: Loaded TP Android_DXTTargetPlatform
[2018.01.15-02.00.31:366][  0]LogTemp: Display: Loaded TP Android_ETC1TargetPlatform
[2018.01.15-02.00.31:453][  0]LogTemp: Display: Loaded TP Android_ETC2TargetPlatform
[2018.01.15-02.00.31:632][  0]LogTemp: Display: Loaded TP Android_MultiTargetPlatform
[2018.01.15-02.00.31:632][  0]LogTemp: Display: Loaded TP Android_PVRTCTargetPlatform
[2018.01.15-02.00.31:723][  0]LogTemp: Display: Loaded TP AndroidTargetPlatform
[2018.01.15-02.00.31:796][  0]LogTemp: Display: Loaded TP HTML5TargetPlatform
[2018.01.15-02.00.31:942][  0]LogTemp: Display: Loaded TP IOSTargetPlatform
[2018.01.15-02.00.31:990][  0]LogTemp: Display: Loaded TP TVOSTargetPlatform
[2018.01.15-02.00.32:080][  0]LogTemp: Display: Loaded TP LinuxClientTargetPlatform
[2018.01.15-02.00.32:171][  0]LogTemp: Display: Loaded TP LinuxNoEditorTargetPlatform
[2018.01.15-02.00.32:263][  0]LogTemp: Display: Loaded TP LinuxServerTargetPlatform
[2018.01.15-02.00.32:355][  0]LogTemp: Display: Loaded TP LinuxTargetPlatform
[2018.01.15-02.00.32:355][  0]LogTargetPlatformManager: Display: Building Assets For Windows
[2018.01.15-02.00.33:218][  0]LogDerivedDataCache: Display: Max Cache Size: 512 MB
[2018.01.15-02.00.33:402][  0]LogDerivedDataCache: Loaded boot cache 0.18s 78MB C:/Users/Arax/AppData/Local/UnrealEngine/4.18/DerivedDataCache/Boot.ddc.
[2018.01.15-02.00.33:402][  0]LogDerivedDataCache: Display: Loaded Boot cache: C:/Users/Arax/AppData/Local/UnrealEngine/4.18/DerivedDataCache/Boot.ddc
[2018.01.15-02.00.33:402][  0]LogDerivedDataCache: FDerivedDataBackendGraph:  Pak pak cache file ../../../../../../Users/Arax/Documents/Repos/EscapeRoom/DerivedDataCache/DDC.ddp not found, will not use a pak cache.
[2018.01.15-02.00.33:402][  0]LogDerivedDataCache: Unable to find inner node Pak for hierarchical cache Hierarchy.
[2018.01.15-02.00.33:402][  0]LogDerivedDataCache: FDerivedDataBackendGraph:  CompressedPak pak cache file ../../../../../../Users/Arax/Documents/Repos/EscapeRoom/DerivedDataCache/Compressed.ddp not found, will not use a pak cache.
[2018.01.15-02.00.33:402][  0]LogDerivedDataCache: Unable to find inner node CompressedPak for hierarchical cache Hierarchy.
[2018.01.15-02.00.33:428][  0]LogDerivedDataCache: Display: Pak cache opened for reading ../../../Engine/DerivedDataCache/Compressed.ddp.
[2018.01.15-02.00.33:441][  0]LogDerivedDataCache: Using Local data cache path C:/Users/Arax/AppData/Local/UnrealEngine/Common/DerivedDataCache: Writable
[2018.01.15-02.00.33:459][  0]LogMaterial: Verifying Global Shaders for PCD3D_SM5
[2018.01.15-02.00.33:459][  0]LogSlate: Using Freetype 2.6.0
[2018.01.15-02.00.33:460][  0]LogSlate: SlateFontCache - WITH_FREETYPE: 1, WITH_HARFBUZZ: 1
[2018.01.15-02.00.33:460][  0]LogSlate: SlateFontCache - WITH_FREETYPE: 1, WITH_HARFBUZZ: 1
[2018.01.15-02.00.34:068][  0]LogInit: Selected Device Profile: [Windows]
[2018.01.15-02.00.34:649][  0]LogSimplygon: Simplygon DLL not present - disabling.
[2018.01.15-02.00.34:729][  0]LogMeshReduction: Using SimplygonSwarm for distributed automatic mesh merging
[2018.01.15-02.00.34:729][  0]LogMeshReduction: Using QuadricMeshReduction for automatic static mesh reduction
[2018.01.15-02.00.34:729][  0]LogMeshReduction: No automatic skeletal mesh reduction module available
[2018.01.15-02.00.34:729][  0]LogMeshReduction: No automatic mesh merging module available
[2018.01.15-02.00.34:729][  0]LogMeshMerging: No automatic mesh merging module available
[2018.01.15-02.00.34:785][  0]LogNetVersion: EscapeRoom , NetCL: 3709383, EngineNetVer: 2, GameNetVer: 0 (Checksum: 405036175)
[2018.01.15-02.00.35:072][  0]LogAssetRegistry: FAssetRegistry took 0.0282 seconds to start up
[2018.01.15-02.00.36:121][  0]LogPackageLocalizationCache: Processed 7 localized package path(s) for 2 prioritized culture(s) in 0.177893 seconds
[2018.01.15-02.00.36:131][  0]LogUObjectArray: 35900 objects as part of root set at end of initial load.
[2018.01.15-02.00.36:131][  0]LogUObjectAllocator: 7372016 out of 0 bytes used by permanent object pool.
[2018.01.15-02.00.36:131][  0]LogUObjectArray: CloseDisregardForGC: 0/0 objects in disregard for GC pool
[2018.01.15-02.00.36:252][  0]LogInit: WinSock: version 1.1 (2.2), MaxSocks=32767, MaxUdp=65467
[2018.01.15-02.00.41:139][  0]LogTcpMessaging: Initializing TcpMessaging bridge
[2018.01.15-02.00.41:210][  0]LogUdpMessaging: Initializing bridge on interface 0.0.0.0:0 to multicast group 230.0.0.1:6666.
[2018.01.15-02.00.42:533][  0]LogMaterial: Uniform references updated for custom material expression Custom.
[2018.01.15-02.00.43:336][  0]SourceControl: Source control is disabled
[2018.01.15-02.00.43:336][  0]SourceControl: Source control is disabled
[2018.01.15-02.00.43:445][  0]SourceControl: Source control is disabled
[2018.01.15-02.00.43:548][  0]SourceControl: Source control is disabled
[2018.01.15-02.00.45:156][  0]LogAndroidPermission: UAndroidPermissionCallbackProxy::GetInstance
[2018.01.15-02.00.45:664][  0]LogOcInput: OculusInput pre-init called
[2018.01.15-02.00.46:146][  0]LogEngine: Initializing Engine...
[2018.01.15-02.00.46:149][  0]LogHMD: Failed to initialize OpenVR with code 110
[2018.01.15-02.00.46:519][  0]LogStats: UGameplayTagsManager::ConstructGameplayTagTree: Construct from data asset -  0.000 s
[2018.01.15-02.00.46:519][  0]LogStats: UGameplayTagsManager::ConstructGameplayTagTree: GameplayTagTreeChangedEvent.Broadcast -  0.000 s
[2018.01.15-02.00.46:762][  0]LogAIModule: Creating AISystem for world Untitled
[2018.01.15-02.00.46:790][  0]LogInit: XAudio2 using 'Speakers (Realtek High Definition Audio)' : 2 channels at 48 kHz using 32 bits per sample (channel mask 0x3)
[2018.01.15-02.00.46:807][  0]LogInit: FAudioDevice initialized.
[2018.01.15-02.00.47:003][  0]LogDerivedDataCache: Saved boot cache 0.20s 78MB C:/Users/Arax/AppData/Local/UnrealEngine/4.18/DerivedDataCache/Boot.ddc.
[2018.01.15-02.00.47:053][  0]LogInit: Texture streaming: Enabled
[2018.01.15-02.00.47:259][  0]LogEngineSessionManager: EngineSessionManager initialized
[2018.01.15-02.00.47:510][  0]LogInit: Transaction tracking system initialized
[2018.01.15-02.00.48:090][  0]BlueprintLog: New page: Editor Load
[2018.01.15-02.00.49:769][  0]LocalizationService: Localization service is disabled
[2018.01.15-02.00.51:135][  0]LogConsoleResponse: Display: 
[2018.01.15-02.00.51:409][  0]LogCook: Display: Max memory allowance for cook 16384mb min free memory 0mb
[2018.01.15-02.00.51:409][  0]LogCook: Display: Mobile HDR setting 1
[2018.01.15-02.00.51:409][  0]LogGameplayTags: Display: UGameplayTagsManager::DoneAddingNativeTags. DelegateIsBound: 0
[2018.01.15-02.00.52:243][  0]LogFileCache: Scanning file cache for directory 'C:/Users/Arax/Documents/Repos/EscapeRoom/Content/' took 0.02s
[2018.01.15-02.00.53:607][  0]SourceControl: Source control is disabled
[2018.01.15-02.00.53:607][  0]Cmd: MAP LOAD FILE="../../../../../../Users/Arax/Documents/Repos/EscapeRoom/Content/NewMap.umap" TEMPLATE=0 SHOWPROGRESS=1 FEATURELEVEL=3
[2018.01.15-02.00.53:641][  0]LightingResults: New page: Lighting Build
[2018.01.15-02.00.53:718][  0]MapCheck: New page: Map Check
[2018.01.15-02.00.53:718][  0]LightingResults: New page: Lighting Build
[2018.01.15-02.00.54:714][  0]LogAIModule: Creating AISystem for world NewMap
[2018.01.15-02.00.54:722][  0]LogEditorServer: Finished looking for orphan Actors (0.000 secs)
[2018.01.15-02.00.54:763][  0]Cmd: MAP CHECKDEP NOCLEARLOG
[2018.01.15-02.00.54:872][  0]MapCheck: Map check complete: 0 Error(s), 0 Warning(s), took 108.846ms to complete.
[2018.01.15-02.00.54:872][  0]LogFileHelpers: Loading map 'NewMap' took 1.266
[2018.01.15-02.00.54:968][  0]LogWindowsTextInputMethodSystem: Display: IME system now deactivated.
[2018.01.15-02.00.54:968][  0]LogWindowsTextInputMethodSystem: Display: IME system now deactivated.
[2018.01.15-02.00.55:098][  0]LogCollectionManager: Loaded 0 collections in 0.002601 seconds
[2018.01.15-02.00.55:239][  0]LogFileCache: Scanning file cache for directory 'C:/Users/Arax/Documents/Repos/EscapeRoom/Saved/Collections/' took 0.01s
[2018.01.15-02.00.55:239][  0]LogFileCache: Scanning file cache for directory 'C:/Users/Arax/Documents/Repos/EscapeRoom/Content/Developers/Arax/Collections/' took 0.01s
[2018.01.15-02.00.55:239][  0]LogFileCache: Scanning file cache for directory 'C:/Users/Arax/Documents/Repos/EscapeRoom/Content/Collections/' took 0.01s
[2018.01.15-02.00.55:239][  0]LogCollectionManager: Rebuilt the GUID cache for 0 collections in 0.000001 seconds
[2018.01.15-02.00.55:254][  0]LogContentBrowser: Native class hierarchy populated in 0.0142 seconds. Added 2367 classes and 521 folders.
[2018.01.15-02.00.55:415][  0]LogContentBrowser: Native class hierarchy updated for 'WidgetCarousel' in 0.0011 seconds. Added 0 classes and 0 folders.
[2018.01.15-02.00.56:676][  0]LogContentBrowser: Native class hierarchy updated for 'AddContentDialog' in 0.0012 seconds. Added 0 classes and 0 folders.
[2018.01.15-02.00.56:997][  0]LogContentBrowser: Native class hierarchy updated for 'SceneOutliner' in 0.0018 seconds. Added 1 classes and 2 folders.
[2018.01.15-02.00.57:111][  0]LogSlate: Took 0.000918 seconds to synchronously load lazily loaded font '../../../Engine/Content/Slate/Fonts/Roboto-Regular.ttf' (155K)
[2018.01.15-02.00.57:127][  0]LogSlate: Took 0.011488 seconds to synchronously load lazily loaded font '../../../Engine/Content/Editor/Slate/Fonts/FontAwesome.ttf' (139K)
[2018.01.15-02.00.57:128][  0]LogSlate: Took 0.000484 seconds to synchronously load lazily loaded font '../../../Engine/Content/Slate/Fonts/Roboto-Bold.ttf' (160K)
[2018.01.15-02.00.57:145][  0]LogSlate: Took 0.009380 seconds to synchronously load lazily loaded font '../../../Engine/Content/Editor/Slate/Fonts/DroidSansMono.ttf' (77K)
[2018.01.15-02.00.57:371][  0]LogRenderer: Reallocating scene render targets to support 1152x612 Format 10 NumSamples 1 (Frame:1).
[2018.01.15-02.00.57:652][  0]LogContentBrowser: Native class hierarchy updated for 'HierarchicalLODOutliner' in 0.0015 seconds. Added 1 classes and 2 folders.
[2018.01.15-02.00.57:653][  0]LogLoad: (Engine Initialization) Total time: 35.53 seconds
[2018.01.15-02.00.57:653][  0]LogLoad: (Engine Initialization) Total Blueprint compile time: 0.00 seconds
[2018.01.15-02.00.57:653][  0]LogExternalProfiler: Found external profiler: VSPerf
[2018.01.15-02.00.57:653][  0]LogExternalProfiler: Using external profiler: VSPerf
[2018.01.15-02.00.57:685][  0]LogContentStreaming: Texture pool size now 1000 MB
[2018.01.15-02.00.57:807][  1]LogRenderer: Reallocating scene render targets to support 1152x628 Format 10 NumSamples 1 (Frame:2).
[2018.01.15-02.00.57:827][  1]LogAssetRegistry: Asset discovery search completed in 22.7775 seconds
[2018.01.15-02.00.57:831][  1]LogCollectionManager: Rebuilt the object cache for 0 collections in 0.000001 seconds (found 0 objects)
[2018.01.15-02.00.57:832][  1]LogCollectionManager: Fixed up redirectors for 0 collections in 0.000286 seconds (updated 0 objects)
[2018.01.15-02.01.01:278][374]LogTemp: Repeating last play command: Simulate
[2018.01.15-02.01.01:372][374]LogPlayLevel: PlayLevel: No blueprints needed recompiling
[2018.01.15-02.01.01:407][374]PIE: New page: SIE session: NewMap (Jan 14, 2018, 2:01:01 PM)
[2018.01.15-02.01.01:408][374]LogPlayLevel: Creating play world package: /Game/UEDPIE_0_NewMap
[2018.01.15-02.01.01:415][374]LogPlayLevel: PIE: StaticDuplicateObject took: (0.007651s)
[2018.01.15-02.01.01:416][374]LogAIModule: Creating AISystem for world NewMap
[2018.01.15-02.01.01:417][374]LogPlayLevel: PIE: World Init took: (0.001091s)
[2018.01.15-02.01.01:418][374]LogPlayLevel: PIE: Created PIE world by copying editor world from /Game/NewMap.NewMap to /Game/UEDPIE_0_NewMap.NewMap (0.009928s)
[2018.01.15-02.01.01:475][374]LogInit: XAudio2 using 'Speakers (Realtek High Definition Audio)' : 2 channels at 48 kHz using 32 bits per sample (channel mask 0x3)
[2018.01.15-02.01.01:490][374]LogInit: FAudioDevice initialized.
[2018.01.15-02.01.01:541][374]LogUObjectGlobals: Warning: Failed to find object 'Class /Script/EscapeRoom.EscapeRoomGameMode'
[2018.01.15-02.01.01:541][374]LogLoad: Game class is 'GameModeBase'
[2018.01.15-02.01.01:544][374]LogWorld: Bringing World /Game/UEDPIE_0_NewMap.NewMap up for play (max tick rate 0) at 2018.01.14-20.01.01
[2018.01.15-02.01.01:544][374]LogWorld: Bringing up level for play took: 0.001298
[2018.01.15-02.01.01:620][374]LogContentBrowser: Native class hierarchy updated for 'MovieSceneCapture' in 0.0012 seconds. Added 11 classes and 0 folders.
[2018.01.15-02.01.01:621][374]PIE: Warning: Mobility of /Game/UEDPIE_0_NewMap.NewMap:PersistentLevel.SM_Chair_2 : StaticMeshComponent0 has to be 'Movable' if you'd like to move. 
[2018.01.15-02.01.01:622][374]LogTemp: Warning: SM_Chair_2 is at X=-350.000 Y=-260.000 Z=20.000
[2018.01.15-02.01.01:622][374]LogTemp: Warning: SM_Door_2 is at X=-193.000 Y=283.000 Z=20.000
[2018.01.15-02.01.01:622][374]PIE: Play in editor start time for /Game/UEDPIE_0_NewMap 0.411
[2018.01.15-02.02.19:493][603]LogEditorViewport: Clicking on Actor (context menu): StaticMeshActor (SM_Door)
[2018.01.15-02.02.21:318][758]LogSlate: Took 0.014338 seconds to synchronously load lazily loaded font '../../../Engine/Content/Slate/Fonts/Roboto-Light.ttf' (159K)
[2018.01.15-02.02.38:092][ 28]LogSlate: Took 0.018248 seconds to synchronously load lazily loaded font '../../../Engine/Content/Editor/Slate/Fonts/Roboto-Italic.ttf' (157K)
[2018.01.15-02.03.38:415][778]Cmd: BRUSH ADD SELECTNEWBRUSH
[2018.01.15-02.03.40:883][ 51]Cmd: DELETE
[2018.01.15-02.03.40:883][ 51]Cmd: ACTOR DELETE
[2018.01.15-02.03.40:907][ 51]LogEditorActor: Deleted Actor: Brush
[2018.01.15-02.03.40:965][ 51]LogEditorActor: Deleted 1 Actors (0.082 secs)
[2018.01.15-02.04.15:047][952]LogSlate: Took 0.000309 seconds to synchronously load lazily loaded font '../../../Engine/Content/Slate/Fonts/Roboto-Light.ttf' (159K)
[2018.01.15-02.05.23:502][587]LogMaterial: Missing cached shader map for material M_Basic_Wall, compiling. 
[2018.01.15-02.05.23:641][587]LogActorFactory: Actor Factory created Wall_400x300
[2018.01.15-02.05.27:951][929]LogActorFactory: Actor Factory created Wall_400x300
[2018.01.15-02.05.33:030][464]Cmd: CAMERA ALIGN ACTIVEVIEWPORTONLY
[2018.01.15-02.05.38:114][ 12]Cmd: CAMERA ALIGN ACTIVEVIEWPORTONLY
[2018.01.15-02.10.52:078][702]LogSlate: Took 0.000364 seconds to synchronously load lazily loaded font '../../../Engine/Content/Slate/Fonts/Roboto-Light.ttf' (159K)
[2018.01.15-02.11.01:154][729]Cmd: OBJ SAVEPACKAGE PACKAGE="/Game/NewMap" FILE="../../../../../../Users/Arax/Documents/Repos/EscapeRoom/Saved/Autosaves/Game/NewMap_Auto1.umap" SILENT=true AUTOSAVING=true KEEPDIRTY=false
[2018.01.15-02.11.01:228][729]LogSavePackage: Save=48.70ms
[2018.01.15-02.11.01:229][729]LogSavePackage: Moving '../../../../../../Users/Arax/Documents/Repos/EscapeRoom/Saved/NewMap_Auto19919CDF44E21FFC34543A38A44098F8C.tmp' to '../../../../../../Users/Arax/Documents/Repos/EscapeRoom/Saved/Autosaves/Game/NewMap_Auto1.umap'
[2018.01.15-02.11.01:232][729]LogSavePackage: Display: Finished SavePackage ../../../../../../Users/Arax/Documents/Repos/EscapeRoom/Saved/Autosaves/Game/NewMap_Auto1.umap
[2018.01.15-02.11.01:236][729]LogFileHelpers: Editor autosave (incl. sublevels) for '/Game/NewMap' took 0.129
[2018.01.15-02.11.01:236][729]LogFileHelpers: Editor autosave (incl. sublevels) for all levels took 0.129
[2018.01.15-07.58.07:430][493]LogInit: XAudio2 using 'Headset Earphone (4- Corsair VOID Wireless Gaming Dongle)' : 2 channels at 44.1 kHz using 16 bits per sample (channel mask 0x3)
[2018.01.15-17.30.30:374][324]LogD3D11RHI: Timed out while waiting for GPU to catch up. (500 ms)
[2018.01.15-17.30.31:563][325]LogHttp: Warning: 0000008580D89F00: request failed, libcurl error: 6 (Couldn't resolve host name)
[2018.01.15-17.30.31:564][325]LogHttp: Warning: 0000008580D89F00: libcurl info message cache 0 (Connection 13 seems to be dead!)
[2018.01.15-17.30.31:564][325]LogHttp: Warning: 0000008580D89F00: libcurl info message cache 1 (Closing connection 13)
[2018.01.15-17.30.31:565][325]LogHttp: Warning: 0000008580D89F00: libcurl info message cache 2 (Could not resolve host: datarouter.ol.epicgames.com)
[2018.01.15-17.30.31:565][325]LogHttp: Warning: 0000008580D89F00: libcurl info message cache 3 (Closing connection 14)
[2018.01.15-17.30.31:583][326]LogHttp: Warning: 0000008580D89180: request failed, libcurl error: 6 (Couldn't resolve host name)
[2018.01.15-17.30.31:583][326]LogHttp: Warning: 0000008580D89180: libcurl info message cache 0 (Could not resolve host: datarouter.ol.epicgames.com)
[2018.01.15-17.30.31:584][326]LogHttp: Warning: 0000008580D89180: libcurl info message cache 1 (Closing connection 15)
[2018.01.15-18.53.31:550][216]LogInit: XAudio2 using 'Speakers (Realtek High Definition Audio)' : 2 channels at 48 kHz using 32 bits per sample (channel mask 0x3)
[2018.01.16-11.01.03:391][148]LogD3D11RHI: Timed out while waiting for GPU to catch up. (500 ms)
[2018.01.16-12.17.45:426][815]LogInit: XAudio2 using 'Headset Earphone (4- Corsair VOID Wireless Gaming Dongle)' : 2 channels at 44.1 kHz using 16 bits per sample (channel mask 0x3)
[2018.01.16-14.55.14:168][153]LogD3D11RHI: Timed out while waiting for GPU to catch up. (0.5 s)
[2018.01.16-18.21.51:138][341]LogInit: XAudio2 using 'Speakers (Realtek High Definition Audio)' : 2 channels at 48 kHz using 32 bits per sample (channel mask 0x3)
[2018.01.16-23.38.33:991][710]LogEditorViewport: Clicking on Actor (LMB): StaticMeshActor (Wall_400x300)
[2018.01.16-23.38.34:080][710]LogEditorViewport: Clicking on Component (LMB): StaticMeshComponent (StaticMeshComponent0)
[2018.01.16-23.39.07:749][272]Cmd: CAMERA ALIGN ACTIVEVIEWPORTONLY
[2018.01.16-23.39.14:930][495]Cmd: OBJ SAVEPACKAGE PACKAGE="/Game/NewMap" FILE="../../../../../../Users/Arax/Documents/Repos/EscapeRoom/Saved/Autosaves/Game/NewMap_Auto2.umap" SILENT=true AUTOSAVING=true KEEPDIRTY=false
[2018.01.16-23.39.15:748][495]LogSavePackage: Save=513.06ms
[2018.01.16-23.39.15:748][495]LogSavePackage: Moving '../../../../../../Users/Arax/Documents/Repos/EscapeRoom/Saved/NewMap_Auto26B26826E41915298617F398DAAF7B04D.tmp' to '../../../../../../Users/Arax/Documents/Repos/EscapeRoom/Saved/Autosaves/Game/NewMap_Auto2.umap'
[2018.01.16-23.39.15:764][495]LogSavePackage: Display: Finished SavePackage ../../../../../../Users/Arax/Documents/Repos/EscapeRoom/Saved/Autosaves/Game/NewMap_Auto2.umap
[2018.01.16-23.39.15:868][495]LogSlate: Took 0.043309 seconds to synchronously load lazily loaded font '../../../Engine/Content/Slate/Fonts/Roboto-Regular.ttf' (155K)
[2018.01.16-23.39.15:870][495]LogFileHelpers: Editor autosave (incl. sublevels) for '/Game/NewMap' took 5.293
[2018.01.16-23.39.15:870][495]LogFileHelpers: Editor autosave (incl. sublevels) for all levels took 5.293
[2018.01.16-23.39.22:942][119]LogEditorViewport: Clicking on Component (LMB): StaticMeshComponent (StaticMeshComponent0)
[2018.01.16-23.40.01:183][786]LogActorFactory: Actor Factory created Wall_400x300
[2018.01.16-23.40.03:011][946]LogActorFactory: Actor Factory created Wall_400x300
[2018.01.16-23.40.05:707][254]LogActorFactory: Actor Factory created Wall_400x300
[2018.01.16-23.40.13:115][972]Cmd: CAMERA ALIGN ACTIVEVIEWPORTONLY
[2018.01.16-23.40.59:250][ 69]LogActorFactory: Actor Factory created Wall_400x300
[2018.01.16-23.41.02:721][461]LogActorFactory: Actor Factory created Wall_400x300
[2018.01.16-23.41.39:003][256]LogActorFactory: Actor Factory created Wall_400x300
[2018.01.16-23.41.41:638][553]LogActorFactory: Actor Factory created Wall_400x300
[2018.01.16-23.42.00:778][576]LogEditorViewport: Clicking on Actor (context menu): StaticMeshActor (Wall_400x303)
[2018.01.16-23.42.01:318][576]LogEditorViewport: Clicking on Actor (context menu): StaticMeshActor (Wall_400x303)
[2018.01.16-23.42.03:432][781]LogEditorViewport: Clicking on Actor (LMB): StaticMeshActor (Wall_400x303)
[2018.01.16-23.42.04:371][879]LogWindows: LaunchURL http://docs.unrealengine.com/latest/INT/Engine/UI/LevelEditor/Viewports/ViewportControls/index.html
[2018.01.16-23.42.20:864][812]Cmd: DELETE
[2018.01.16-23.42.20:864][812]Cmd: ACTOR DELETE
[2018.01.16-23.42.21:070][812]LogEditorActor: Deleted Actor: StaticMeshActor
[2018.01.16-23.42.21:131][812]LogEditorActor: Deleted 1 Actors (0.141 secs)
[2018.01.16-23.42.22:095][926]LogEditorViewport: Clicking on Actor (LMB): StaticMeshActor (Wall_400x303)
[2018.01.16-23.42.47:652][658]LogEditorViewport: Clicking on Actor (LMB): StaticMeshActor (Wall_400x304)
[2018.01.16-23.42.48:608][740]Cmd: DELETE
[2018.01.16-23.42.48:609][740]Cmd: ACTOR DELETE
[2018.01.16-23.42.48:611][740]LogEditorActor: Deleted Actor: StaticMeshActor
[2018.01.16-23.42.48:665][740]LogEditorActor: Deleted 1 Actors (0.056 secs)
[2018.01.16-23.42.50:644][977]LogEditorViewport: Clicking on Actor (LMB): StaticMeshActor (Wall_400x303)
[2018.01.16-23.42.51:596][ 74]Cmd: DELETE
[2018.01.16-23.42.51:596][ 74]Cmd: ACTOR DELETE
[2018.01.16-23.42.51:598][ 74]LogEditorActor: Deleted Actor: StaticMeshActor
[2018.01.16-23.42.51:635][ 74]LogEditorActor: Deleted 1 Actors (0.039 secs)
[2018.01.16-23.42.53:192][260]LogEditorViewport: Clicking on Actor (LMB): StaticMeshActor (Wall_400x302)
[2018.01.16-23.42.55:769][535]LogEditorViewport: Clicking on Actor (LMB): StaticMeshActor (Wall_400x301)
[2018.01.16-23.42.59:123][905]LogEditorViewport: Clicking on Actor (LMB): StaticMeshActor (Wall_400x300)
[2018.01.16-23.43.23:965][588]LogEditorViewport: Clicking on Actor (LMB): StaticMeshActor (SM_DoorFrame)
[2018.01.16-23.43.28:501][ 60]LogEditorViewport: Clicking on Actor (LMB): StaticMeshActor (SM_Door)
[2018.01.16-23.44.30:137][225]LogActorFactory: Actor Factory created Wall_Door_400x300
[2018.01.16-23.44.34:129][613]LogActorFactory: Actor Factory created Wall_Door_400x300
[2018.01.16-23.44.52:358][607]LogEditorViewport: Clicking on Actor (context menu): StaticMeshActor (SM_Door)
[2018.01.16-23.44.52:903][607]LogEditorViewport: Clicking on Component (context menu): StaticMeshComponent (StaticMeshComponent0)
[2018.01.16-23.45.38:463][ 51]LogEditorViewport: Clicking on Actor (context menu): StaticMeshActor (Floor)
[2018.01.16-23.45.39:907][211]LogEditorViewport: Clicking on Actor (LMB): StaticMeshActor (Floor)
[2018.01.16-23.45.48:582][ 73]LogActorFactory: Actor Factory created Wall_400x300
[2018.01.16-23.45.50:128][242]LogActorFactory: Actor Factory created Wall_400x300
[2018.01.16-23.46.23:813][798]LogEditorViewport: Clicking on Actor (context menu): StaticMeshActor (Floor)
[2018.01.16-23.46.25:341][922]LogEditorViewport: Clicking on Actor (LMB): StaticMeshActor (Floor)
[2018.01.16-23.46.26:185][  9]LogEditorViewport: Clicking on Actor (LMB): StaticMeshActor (Floor)
[2018.01.16-23.46.41:366][681]LogEditorViewport: Clicking on Actor (LMB): StaticMeshActor (Wall_400x303)
[2018.01.16-23.46.42:949][850]Cmd: EDIT COPY
[2018.01.16-23.46.45:413][125]Cmd: EDIT PASTE
[2018.01.16-23.46.50:891][701]Cmd: DELETE
[2018.01.16-23.46.50:891][701]Cmd: ACTOR DELETE
[2018.01.16-23.46.50:911][701]LogEditorActor: Deleted Actor: StaticMeshActor
[2018.01.16-23.46.50:960][701]LogEditorActor: Deleted 1 Actors (0.068 secs)
[2018.01.16-23.46.52:101][836]LogEditorViewport: Clicking on Actor (LMB): StaticMeshActor (Wall_400x303)
[2018.01.16-23.47.02:407][956]Cmd: DELETE
[2018.01.16-23.47.02:408][956]Cmd: ACTOR DELETE
[2018.01.16-23.47.02:409][956]LogEditorActor: Deleted Actor: StaticMeshActor
[2018.01.16-23.47.02:477][956]LogEditorActor: Deleted 1 Actors (0.069 secs)
[2018.01.16-23.47.08:694][696]LogEditorViewport: Clicking on Actor (LMB): StaticMeshActor (Wall_400x303)
[2018.01.16-23.47.48:800][981]LogEditorViewport: Clicking on Actor (context menu): StaticMeshActor (Wall_400x305)
[2018.01.16-23.47.49:060][981]LogEditorViewport: Clicking on Component (context menu): StaticMeshComponent (StaticMeshComponent0)
[2018.01.16-23.47.49:206][981]LogEditorViewport: Clicking on Component (context menu): StaticMeshComponent (StaticMeshComponent0)
[2018.01.16-23.47.52:256][205]LogEditorViewport: Clicking Background
[2018.01.16-23.47.52:917][279]LogEditorViewport: Clicking Background
[2018.01.16-23.47.54:052][412]LogEditorViewport: Clicking on Actor (LMB): StaticMeshActor (Wall_Door_400x300)
[2018.01.16-23.47.58:570][813]LogEditorViewport: Clicking on Actor (LMB): StaticMeshActor (Wall_Door_400x300)
[2018.01.16-23.48.02:324][142]LogEditorViewport: Clicking on Actor (LMB): StaticMeshActor (Wall_Door_400x300)
[2018.01.16-23.48.09:751][790]LogEditorViewport: Clicking on Actor (LMB): StaticMeshActor (Wall_400x303)
[2018.01.16-23.48.34:179][742]LogEditorViewport: Clicking on Actor (LMB): StaticMeshActor (Wall_400x304)
