Log file open, 01/13/18 21:59:06
LogWindows: Failed to load 'aqProf.dll' (GetLastError=126)
LogWindows: File 'aqProf.dll' does not exist
LogWindows: Failed to load 'VtuneApi.dll' (GetLastError=126)
LogWindows: File 'VtuneApi.dll' does not exist
LogWindows: Failed to load 'VtuneApi32e.dll' (GetLastError=126)
LogWindows: File 'VtuneApi32e.dll' does not exist
LogInit: Display: Running engine for game: EscapeRoom
LogPlatformFile: Not using cached read wrapper
LogInit: Display: RandInit(1741077580) SRandInit(1741077594).
LogInit: Read version file with build ID '3709383'
LogInit: Overriding engine version to CL 3794801, compatible CL 3709383
LogInit: Registered custom module enumerator with build ID '3709383'
LogTaskGraph: Started task graph with 5 named threads and 14 total threads with 3 sets of task threads.
LogStats: Stats thread started at 0.212799
LogD3D11RHI: Aftermath initialized
LogPluginManager: Mounting plugin Paper2D
LogPluginManager: Mounting plugin LightPropagationVolume
LogPluginManager: Mounting plugin CodeLiteSourceCodeAccess
LogPluginManager: Mounting plugin GitSourceControl
LogPluginManager: Mounting plugin KDevelopSourceCodeAccess
LogPluginManager: Mounting plugin NullSourceCodeAccess
LogPluginManager: Mounting plugin PerforceSourceControl
LogPluginManager: Mounting plugin SubversionSourceControl
LogPluginManager: Mounting plugin UObjectPlugin
LogPluginManager: Mounting plugin VisualStudioCodeSourceCodeAccess
LogPluginManager: Mounting plugin VisualStudioSourceCodeAccess
LogPluginManager: Mounting plugin XCodeSourceCodeAccess
LogPluginManager: Mounting plugin AssetManagerEditor
LogPluginManager: Mounting plugin AudioCapture
LogPluginManager: Mounting plugin FacialAnimation
LogPluginManager: Mounting plugin GameplayTagsEditor
LogPluginManager: Mounting plugin MobileLauncherProfileWizard
LogPluginManager: Mounting plugin PluginBrowser
LogPluginManager: Mounting plugin SpeedTreeImporter
LogPluginManager: Mounting plugin AlembicImporter
LogPluginManager: Mounting plugin CharacterAI
LogPluginManager: Mounting plugin HTML5Networking
LogPluginManager: Mounting plugin AndroidMedia
LogPluginManager: Mounting plugin AvfMedia
LogPluginManager: Mounting plugin ImgMedia
LogPluginManager: Mounting plugin MediaCompositing
LogPluginManager: Mounting plugin MediaPlayerEditor
LogPluginManager: Mounting plugin WmfMedia
LogPluginManager: Mounting plugin TcpMessaging
LogPluginManager: Mounting plugin UdpMessaging
LogPluginManager: Mounting plugin ActorSequence
LogPluginManager: Mounting plugin LevelSequenceEditor
LogPluginManager: Mounting plugin MatineeToLevelSequence
LogPluginManager: Mounting plugin OnlineSubsystemGooglePlay
LogPluginManager: Mounting plugin OnlineSubsystemIOS
LogPluginManager: Mounting plugin OnlineSubsystem
LogPluginManager: Mounting plugin OnlineSubsystemNull
LogPluginManager: Mounting plugin OnlineSubsystemUtils
LogPluginManager: Mounting plugin AndroidDeviceProfileSelector
LogPluginManager: Mounting plugin AndroidMoviePlayer
LogPluginManager: Mounting plugin AndroidPermission
LogPluginManager: Mounting plugin AppleARKit
LogPluginManager: Mounting plugin AppleMoviePlayer
LogPluginManager: Mounting plugin ArchVisCharacter
LogPluginManager: Mounting plugin CableComponent
LogPluginManager: Mounting plugin CustomMeshComponent
LogPluginManager: Mounting plugin ExampleDeviceProfileSelector
LogPluginManager: Mounting plugin GoogleCloudMessaging
LogPluginManager: Mounting plugin ImmediatePhysics
LogPluginManager: Mounting plugin IOSDeviceProfileSelector
LogPluginManager: Mounting plugin LinuxDeviceProfileSelector
LogPluginManager: Mounting plugin LocationServicesBPLibrary
LogPluginManager: Mounting plugin MobilePatchingUtils
LogPluginManager: Mounting plugin OculusVR
LogPluginManager: Plugin shader directory ../../../Engine/Plugins/Runtime/Oculus/OculusVR/Shaders found
LogPluginManager: Mapping shader source directory ../../../Engine/Plugins/Runtime/Oculus/OculusVR/Shaders to virtual directory /Plugin/OculusVR
LogPluginManager: Mounting plugin PhysXVehicles
LogPluginManager: Mounting plugin ProceduralMeshComponent
LogPluginManager: Mounting plugin RuntimePhysXCooking
LogPluginManager: Mounting plugin SteamVR
LogPluginManager: Mounting plugin WindowsMoviePlayer
LogModuleManager: Display: Found up-to-date module file ../../../../../../Users/Arax/Documents/Repos/EscapeRoom/Binaries/Win64/UE4Editor-EscapeRoom-579.dll (API version 3709383).
LogModuleManager: Display: Found up-to-date module file ../../../Engine/Plugins/2D/Paper2D/Binaries/Win64/UE4Editor-Paper2D.dll (API version 3709383).
LogModuleManager: Display: Found up-to-date module file ../../../Engine/Plugins/2D/Paper2D/Binaries/Win64/UE4Editor-Paper2DEditor.dll (API version 3709383).
LogModuleManager: Display: Found up-to-date module file ../../../Engine/Plugins/2D/Paper2D/Binaries/Win64/UE4Editor-PaperSpriteSheetImporter.dll (API version 3709383).
LogModuleManager: Display: Found up-to-date module file ../../../Engine/Plugins/2D/Paper2D/Binaries/Win64/UE4Editor-PaperTiledImporter.dll (API version 3709383).
LogModuleManager: Display: Found up-to-date module file ../../../Engine/Plugins/2D/Paper2D/Binaries/Win64/UE4Editor-SmartSnapping.dll (API version 3709383).
LogModuleManager: Display: Found up-to-date module file ../../../Engine/Plugins/Blendables/LightPropagationVolume/Binaries/Win64/UE4Editor-LightPropagationVolumeRuntime.dll (API version 3709383).
LogModuleManager: Display: Found up-to-date module file ../../../Engine/Plugins/Blendables/LightPropagationVolume/Binaries/Win64/UE4Editor-LightPropagationVolumeEditor.dll (API version 3709383).
LogModuleManager: Display: Found up-to-date module file ../../../Engine/Plugins/Developer/GitSourceControl/Binaries/Win64/UE4Editor-GitSourceControl.dll (API version 3709383).
LogModuleManager: Display: Found up-to-date module file ../../../Engine/Plugins/Developer/PerforceSourceControl/Binaries/Win64/UE4Editor-PerforceSourceControl.dll (API version 3709383).
LogModuleManager: Display: Found up-to-date module file ../../../Engine/Plugins/Developer/SubversionSourceControl/Binaries/Win64/UE4Editor-SubversionSourceControl.dll (API version 3709383).
LogModuleManager: Display: Found up-to-date module file ../../../Engine/Plugins/Developer/UObjectPlugin/Binaries/Win64/UE4Editor-UObjectPlugin.dll (API version 3709383).
LogModuleManager: Display: Found up-to-date module file ../../../Engine/Plugins/Developer/VisualStudioCodeSourceCodeAccess/Binaries/Win64/UE4Editor-VisualStudioCodeSourceCodeAccess.dll (API version 3709383).
LogModuleManager: Display: Found up-to-date module file ../../../Engine/Plugins/Developer/VisualStudioSourceCodeAccess/Binaries/Win64/UE4Editor-VisualStudioSourceCodeAccess.dll (API version 3709383).
LogModuleManager: Display: Found up-to-date module file ../../../Engine/Plugins/Editor/AssetManagerEditor/Binaries/Win64/UE4Editor-AssetManagerEditor.dll (API version 3709383).
LogModuleManager: Display: Found up-to-date module file ../../../Engine/Plugins/Editor/AudioCapture/Binaries/Win64/UE4Editor-AudioCapture.dll (API version 3709383).
LogModuleManager: Display: Found up-to-date module file ../../../Engine/Plugins/Editor/FacialAnimation/Binaries/Win64/UE4Editor-FacialAnimation.dll (API version 3709383).
LogModuleManager: Display: Found up-to-date module file ../../../Engine/Plugins/Editor/FacialAnimation/Binaries/Win64/UE4Editor-FacialAnimationEditor.dll (API version 3709383).
LogModuleManager: Display: Found up-to-date module file ../../../Engine/Plugins/Editor/GameplayTagsEditor/Binaries/Win64/UE4Editor-GameplayTagsEditor.dll (API version 3709383).
LogModuleManager: Display: Found up-to-date module file ../../../Engine/Plugins/Editor/MobileLauncherProfileWizard/Binaries/Win64/UE4Editor-MobileLauncherProfileWizard.dll (API version 3709383).
LogModuleManager: Display: Found up-to-date module file ../../../Engine/Plugins/Editor/PluginBrowser/Binaries/Win64/UE4Editor-PluginBrowser.dll (API version 3709383).
LogModuleManager: Display: Found up-to-date module file ../../../Engine/Plugins/Editor/SpeedTreeImporter/Binaries/Win64/UE4Editor-SpeedTreeImporter.dll (API version 3709383).
LogModuleManager: Display: Found up-to-date module file ../../../Engine/Plugins/Experimental/AlembicImporter/Binaries/Win64/UE4Editor-AlembicImporter.dll (API version 3709383).
LogModuleManager: Display: Found up-to-date module file ../../../Engine/Plugins/Experimental/AlembicImporter/Binaries/Win64/UE4Editor-AlembicLibrary.dll (API version 3709383).
LogModuleManager: Display: Found up-to-date module file ../../../Engine/Plugins/Experimental/CharacterAI/Binaries/Win64/UE4Editor-CharacterAI.dll (API version 3709383).
LogModuleManager: Display: Found up-to-date module file ../../../Engine/Plugins/Experimental/HTML5Networking/Binaries/Win64/UE4Editor-HTML5Networking.dll (API version 3709383).
LogModuleManager: Display: Found up-to-date module file ../../../Engine/Plugins/Media/AndroidMedia/Binaries/Win64/UE4Editor-AndroidMediaEditor.dll (API version 3709383).
LogModuleManager: Display: Found up-to-date module file ../../../Engine/Plugins/Media/AndroidMedia/Binaries/Win64/UE4Editor-AndroidMediaFactory.dll (API version 3709383).
LogModuleManager: Display: Found up-to-date module file ../../../Engine/Plugins/Media/AvfMedia/Binaries/Win64/UE4Editor-AvfMediaEditor.dll (API version 3709383).
LogModuleManager: Display: Found up-to-date module file ../../../Engine/Plugins/Media/AvfMedia/Binaries/Win64/UE4Editor-AvfMediaFactory.dll (API version 3709383).
LogModuleManager: Display: Found up-to-date module file ../../../Engine/Plugins/Media/AvfMedia/Binaries/Win64/UE4Editor-AvfMediaFactory.dll (API version 3709383).
LogModuleManager: Display: Found up-to-date module file ../../../Engine/Plugins/Media/ImgMedia/Binaries/Win64/UE4Editor-ImgMedia.dll (API version 3709383).
LogModuleManager: Display: Found up-to-date module file ../../../Engine/Plugins/Media/ImgMedia/Binaries/Win64/UE4Editor-ImgMediaEditor.dll (API version 3709383).
LogModuleManager: Display: Found up-to-date module file ../../../Engine/Plugins/Media/ImgMedia/Binaries/Win64/UE4Editor-ImgMediaFactory.dll (API version 3709383).
LogModuleManager: Display: Found up-to-date module file ../../../Engine/Plugins/Media/ImgMedia/Binaries/Win64/UE4Editor-ImgMediaFactory.dll (API version 3709383).
LogModuleManager: Display: Found up-to-date module file ../../../Engine/Plugins/Media/ImgMedia/Binaries/Win64/UE4Editor-OpenExrWrapper.dll (API version 3709383).
LogModuleManager: Display: Found up-to-date module file ../../../Engine/Plugins/Media/MediaCompositing/Binaries/Win64/UE4Editor-MediaCompositing.dll (API version 3709383).
LogModuleManager: Display: Found up-to-date module file ../../../Engine/Plugins/Media/MediaCompositing/Binaries/Win64/UE4Editor-MediaCompositingEditor.dll (API version 3709383).
LogModuleManager: Display: Found up-to-date module file ../../../Engine/Plugins/Media/MediaPlayerEditor/Binaries/Win64/UE4Editor-MediaPlayerEditor.dll (API version 3709383).
LogModuleManager: Display: Found up-to-date module file ../../../Engine/Plugins/Media/WmfMedia/Binaries/Win64/UE4Editor-WmfMedia.dll (API version 3709383).
LogModuleManager: Display: Found up-to-date module file ../../../Engine/Plugins/Media/WmfMedia/Binaries/Win64/UE4Editor-WmfMediaEditor.dll (API version 3709383).
LogModuleManager: Display: Found up-to-date module file ../../../Engine/Plugins/Media/WmfMedia/Binaries/Win64/UE4Editor-WmfMediaFactory.dll (API version 3709383).
LogModuleManager: Display: Found up-to-date module file ../../../Engine/Plugins/Media/WmfMedia/Binaries/Win64/UE4Editor-WmfMediaFactory.dll (API version 3709383).
LogModuleManager: Display: Found up-to-date module file ../../../Engine/Plugins/Messaging/TcpMessaging/Binaries/Win64/UE4Editor-TcpMessaging.dll (API version 3709383).
LogModuleManager: Display: Found up-to-date module file ../../../Engine/Plugins/Messaging/UdpMessaging/Binaries/Win64/UE4Editor-UdpMessaging.dll (API version 3709383).
LogModuleManager: Display: Found up-to-date module file ../../../Engine/Plugins/MovieScene/ActorSequence/Binaries/Win64/UE4Editor-ActorSequence.dll (API version 3709383).
LogModuleManager: Display: Found up-to-date module file ../../../Engine/Plugins/MovieScene/LevelSequenceEditor/Binaries/Win64/UE4Editor-LevelSequenceEditor.dll (API version 3709383).
LogModuleManager: Display: Found up-to-date module file ../../../Engine/Plugins/MovieScene/MatineeToLevelSequence/Binaries/Win64/UE4Editor-MatineeToLevelSequence.dll (API version 3709383).
LogModuleManager: Display: Found up-to-date module file ../../../Engine/Plugins/Online/OnlineSubsystem/Binaries/Win64/UE4Editor-OnlineSubsystem.dll (API version 3709383).
LogModuleManager: Display: Found up-to-date module file ../../../Engine/Plugins/Online/OnlineSubsystemNull/Binaries/Win64/UE4Editor-OnlineSubsystemNull.dll (API version 3709383).
LogModuleManager: Display: Found up-to-date module file ../../../Engine/Plugins/Online/OnlineSubsystemUtils/Binaries/Win64/UE4Editor-OnlineSubsystemUtils.dll (API version 3709383).
LogModuleManager: Display: Found up-to-date module file ../../../Engine/Plugins/Online/OnlineSubsystemUtils/Binaries/Win64/UE4Editor-OnlineBlueprintSupport.dll (API version 3709383).
LogModuleManager: Display: Found up-to-date module file ../../../Engine/Plugins/Runtime/AndroidDeviceProfileSelector/Binaries/Win64/UE4Editor-AndroidDeviceProfileSelector.dll (API version 3709383).
LogModuleManager: Display: Found up-to-date module file ../../../Engine/Plugins/Runtime/AndroidPermission/Binaries/Win64/UE4Editor-AndroidPermission.dll (API version 3709383).
LogModuleManager: Display: Found up-to-date module file ../../../Engine/Plugins/Runtime/AppleARKit/Binaries/Win64/UE4Editor-AppleARKit.dll (API version 3709383).
LogModuleManager: Display: Found up-to-date module file ../../../Engine/Plugins/Runtime/ArchVisCharacter/Binaries/Win64/UE4Editor-ArchVisCharacter.dll (API version 3709383).
LogModuleManager: Display: Found up-to-date module file ../../../Engine/Plugins/Runtime/CableComponent/Binaries/Win64/UE4Editor-CableComponent.dll (API version 3709383).
LogModuleManager: Display: Found up-to-date module file ../../../Engine/Plugins/Runtime/CustomMeshComponent/Binaries/Win64/UE4Editor-CustomMeshComponent.dll (API version 3709383).
LogModuleManager: Display: Found up-to-date module file ../../../Engine/Plugins/Runtime/ExampleDeviceProfileSelector/Binaries/Win64/UE4Editor-ExampleDeviceProfileSelector.dll (API version 3709383).
LogModuleManager: Display: Found up-to-date module file ../../../Engine/Plugins/Runtime/ImmediatePhysics/Binaries/Win64/UE4Editor-ImmediatePhysics.dll (API version 3709383).
LogModuleManager: Display: Found up-to-date module file ../../../Engine/Plugins/Runtime/ImmediatePhysics/Binaries/Win64/UE4Editor-ImmediatePhysicsEditor.dll (API version 3709383).
LogModuleManager: Display: Found up-to-date module file ../../../Engine/Plugins/Runtime/LocationServicesBPLibrary/Binaries/Win64/UE4Editor-LocationServicesBPLibrary.dll (API version 3709383).
LogModuleManager: Display: Found up-to-date module file ../../../Engine/Plugins/Runtime/MobilePatchingUtils/Binaries/Win64/UE4Editor-MobilePatchingUtils.dll (API version 3709383).
LogModuleManager: Display: Found up-to-date module file ../../../Engine/Plugins/Runtime/Oculus/OculusVR/Binaries/Win64/UE4Editor-OculusHMD.dll (API version 3709383).
LogModuleManager: Display: Found up-to-date module file ../../../Engine/Plugins/Runtime/Oculus/OculusVR/Binaries/Win64/UE4Editor-OculusInput.dll (API version 3709383).
LogModuleManager: Display: Found up-to-date module file ../../../Engine/Plugins/Runtime/Oculus/OculusVR/Binaries/Win64/UE4Editor-OculusEditor.dll (API version 3709383).
LogModuleManager: Display: Found up-to-date module file ../../../Engine/Plugins/Runtime/PhysXVehicles/Binaries/Win64/UE4Editor-PhysXVehicles.dll (API version 3709383).
LogModuleManager: Display: Found up-to-date module file ../../../Engine/Plugins/Runtime/PhysXVehicles/Binaries/Win64/UE4Editor-PhysXVehiclesEditor.dll (API version 3709383).
LogModuleManager: Display: Found up-to-date module file ../../../Engine/Plugins/Runtime/ProceduralMeshComponent/Binaries/Win64/UE4Editor-ProceduralMeshComponent.dll (API version 3709383).
LogModuleManager: Display: Found up-to-date module file ../../../Engine/Plugins/Runtime/ProceduralMeshComponent/Binaries/Win64/UE4Editor-ProceduralMeshComponentEditor.dll (API version 3709383).
LogModuleManager: Display: Found up-to-date module file ../../../Engine/Plugins/Runtime/RuntimePhysXCooking/Binaries/Win64/UE4Editor-RuntimePhysXCooking.dll (API version 3709383).
LogModuleManager: Display: Found up-to-date module file ../../../Engine/Plugins/Runtime/Steam/SteamVR/Binaries/Win64/UE4Editor-SteamVR.dll (API version 3709383).
LogModuleManager: Display: Found up-to-date module file ../../../Engine/Plugins/Runtime/Steam/SteamVR/Binaries/Win64/UE4Editor-SteamVRController.dll (API version 3709383).
LogModuleManager: Display: Found up-to-date module file ../../../Engine/Plugins/Runtime/WindowsMoviePlayer/Binaries/Win64/UE4Editor-WindowsMoviePlayer.dll (API version 3709383).
LogInit: Using libcurl 7.47.1
LogInit:  - built for x86_64-pc-win32
LogInit:  - supports SSL with OpenSSL/1.0.2g
LogInit:  - supports HTTP deflate (compression) using libz 1.2.8
LogInit:  - other features:
LogInit:      CURL_VERSION_SSL
LogInit:      CURL_VERSION_LIBZ
LogInit:      CURL_VERSION_IPV6
LogInit:      CURL_VERSION_ASYNCHDNS
LogInit:      CURL_VERSION_LARGEFILE
LogInit:      CURL_VERSION_IDN
LogInit:  CurlRequestOptions (configurable via config and command line):
LogInit:  - bVerifyPeer = false  - Libcurl will NOT verify peer certificate
LogInit:  - bUseHttpProxy = false  - Libcurl will NOT use HTTP proxy
LogInit:  - bDontReuseConnections = false  - Libcurl will reuse connections
LogInit:  - CertBundlePath = nullptr  - Libcurl will use whatever was configured at build time.
LogInit: Build: ++UE4+Release-4.18-CL-3794801
LogInit: Engine Version: 4.18.2-3794801+++UE4+Release-4.18
LogInit: Compatible Engine Version: 4.18.0-3709383+++UE4+Release-4.18
LogInit: Net CL: 3709383
LogDevObjectVersion: Number of dev versions registered: 16
LogDevObjectVersion:   Dev-Blueprints (B0D832E4-1F89-4F0D-ACCF-7EB736FD4AA2): 10
LogDevObjectVersion:   Dev-Build (E1C64328-A22C-4D53-A36C-8E866417BD8C): 0
LogDevObjectVersion:   Dev-Core (375EC13C-06E4-48FB-B500-84F0262A717E): 2
LogDevObjectVersion:   Dev-Editor (E4B068ED-F494-42E9-A231-DA0B2E46BB41): 20
LogDevObjectVersion:   Dev-Framework (CFFC743F-43B0-4480-9391-14DF171D2073): 30
LogDevObjectVersion:   Dev-Mobile (B02B49B5-BB20-44E9-A304-32B752E40360): 0
LogDevObjectVersion:   Dev-Networking (A4E4105C-59A1-49B5-A7C5-40C4547EDFEE): 0
LogDevObjectVersion:   Dev-Online (39C831C9-5AE6-47DC-9A44-9C173E1C8E7C): 0
LogDevObjectVersion:   Dev-Physics (78F01B33-EBEA-4F98-B9B4-84EACCB95AA2): 0
LogDevObjectVersion:   Dev-Platform (6631380F-2D4D-43E0-8009-CF276956A95A): 0
LogDevObjectVersion:   Dev-Rendering (12F88B9F-8875-4AFC-A67C-D90C383ABD29): 20
LogDevObjectVersion:   Dev-Sequencer (7B5AE74C-D270-4C10-A958-57980B212A5A): 4
LogDevObjectVersion:   Dev-VR (D7296918-1DD6-4BDD-9DE2-64A83CC13884): 0
LogDevObjectVersion:   Dev-LoadTimes (C2A15278-BFE7-4AFE-6C17-90FF531DF755): 1
LogDevObjectVersion:   Private-Geometry (6EACA3D4-40EC-4CC1-B786-8BED09428FC5): 1
LogDevObjectVersion:   Dev-AnimPhys (29E575DD-E0A3-4627-9D10-D276232CDCEA): 12
LogInit: Compiled (64-bit): Dec  8 2017 02:04:53
LogInit: Compiled with Visual C++: 19.00.24215.01
LogInit: Build Configuration: Development
LogInit: Branch Name: ++UE4+Release-4.18
LogInit: Command line: -EpicPortal 
LogInit: Base directory: C:/Program Files/Epic Games/UE_4.18/Engine/Binaries/Win64/
LogInit: Installed Engine Build: 1
LogInit: Presizing for max 8388607 objects, including 0 objects not considered by GC, pre-allocating 0 bytes for permanent pool.
LogInit: Object subsystem initialized
[2018.01.14-03.59.09:118][  0]LogInit: Selected Device Profile: [Windows]
[2018.01.14-03.59.09:118][  0]LogInit: Applying CVar settings loaded from the selected device profile: [Windows]
[2018.01.14-03.59.09:134][  0]LogInit: Computer: X
[2018.01.14-03.59.09:134][  0]LogInit: User: Arax
[2018.01.14-03.59.09:134][  0]LogInit: CPU Page size=4096, Cores=4
[2018.01.14-03.59.09:134][  0]LogInit: High frequency timer resolution =14.318180 MHz
[2018.01.14-03.59.09:135][  0]LogMemory: Memory total: Physical=19.9GB (20GB approx)
[2018.01.14-03.59.09:135][  0]LogMemory: Platform Memory Stats for Windows
[2018.01.14-03.59.09:135][  0]LogMemory: Process Physical Memory: 271.68 MB used, 271.68 MB peak
[2018.01.14-03.59.09:135][  0]LogMemory: Process Virtual Memory: 272.06 MB used, 272.06 MB peak
[2018.01.14-03.59.09:135][  0]LogMemory: Physical Memory: 7497.74 MB used,  12880.68 MB free, 20378.43 MB total
[2018.01.14-03.59.09:135][  0]LogMemory: Virtual Memory: 626.21 MB used,  12880.68 MB free, 134217728.00 MB total
[2018.01.14-03.59.09:411][  0]LogInit: Using OS detected language (en-US).
[2018.01.14-03.59.09:411][  0]LogInit: Using OS detected locale (en-US).
[2018.01.14-03.59.09:415][  0]LogTextLocalizationManager: No specific localization for 'en-US' exists, so the 'en' localization will be used.
[2018.01.14-03.59.09:915][  0]LogInit: Setting process to per monitor DPI aware
[2018.01.14-03.59.10:302][  0]LogD3D11RHI: D3D11 adapters:
[2018.01.14-03.59.10:356][  0]LogD3D11RHI:    0. 'NVIDIA GeForce GTX 1060 6GB' (Feature Level 11_0)
[2018.01.14-03.59.10:356][  0]LogD3D11RHI:       6005/0/10189 MB DedicatedVideo/DedicatedSystem/SharedSystem, Outputs:2, VendorId:0x10de
[2018.01.14-03.59.10:359][  0]LogD3D11RHI:    1. 'Microsoft Basic Render Driver' (Feature Level 11_0)
[2018.01.14-03.59.10:359][  0]LogD3D11RHI:       0/0/256 MB DedicatedVideo/DedicatedSystem/SharedSystem, Outputs:0, VendorId:0x1414
[2018.01.14-03.59.10:359][  0]LogD3D11RHI: Chosen D3D11 Adapter: 0
[2018.01.14-03.59.10:366][  0]LogD3D11RHI: Creating new Direct3DDevice
[2018.01.14-03.59.10:366][  0]LogD3D11RHI:     GPU DeviceId: 0x1c03 (for the marketing name, search the web for "GPU Device Id")
[2018.01.14-03.59.10:366][  0]LogWindows: EnumDisplayDevices:
[2018.01.14-03.59.10:366][  0]LogWindows:    0. 'NVIDIA GeForce GTX 1060 6GB' (P:1 D:1)
[2018.01.14-03.59.10:366][  0]LogWindows:    1. 'NVIDIA GeForce GTX 1060 6GB' (P:0 D:1)
[2018.01.14-03.59.10:367][  0]LogWindows:    2. 'NVIDIA GeForce GTX 1060 6GB' (P:0 D:0)
[2018.01.14-03.59.10:367][  0]LogWindows:    3. 'NVIDIA GeForce GTX 1060 6GB' (P:0 D:0)
[2018.01.14-03.59.10:367][  0]LogWindows: DebugString: FoundDriverCount:4 
[2018.01.14-03.59.10:367][  0]LogD3D11RHI:     Adapter Name: NVIDIA GeForce GTX 1060 6GB
[2018.01.14-03.59.10:367][  0]LogD3D11RHI:   Driver Version: 388.71 (internal:23.21.13.8871, unified:388.71)
[2018.01.14-03.59.10:367][  0]LogD3D11RHI:      Driver Date: 12-15-2017
[2018.01.14-03.59.10:367][  0]LogRHI: Texture pool is 4204 MB (70% of 6005 MB)
[2018.01.14-03.59.10:388][  0]LogD3D11RHI: Async texture creation enabled
[2018.01.14-03.59.10:408][  0]LogD3D11RHI: GPU Timing Frequency: 1000.000000 (Debug: 2 2)
[2018.01.14-03.59.10:461][  0]LogShaderCompilers: Guid format shader working directory is -11 characters bigger than the processId version (../../../../../../Users/Arax/Documents/Repos/EscapeRoom/Intermediate/Shaders/WorkingDirectory/10032/).
[2018.01.14-03.59.10:461][  0]LogShaderCompilers: Cleaned the shader compiler working directory 'C:/Users/Arax/AppData/Local/Temp/UnrealShaderWorkingDir/7C82D3FD4BC35E7988043D91BFB4B2C7/'.
[2018.01.14-03.59.10:461][  0]LogShaderCompilers: Display: Using Local Shader Compiler.
[2018.01.14-03.59.11:900][  0]LogTemp: Display: Loaded TP AllDesktopTargetPlatform
[2018.01.14-03.59.11:989][  0]LogTemp: Display: Loaded TP MacClientTargetPlatform
[2018.01.14-03.59.12:078][  0]LogTemp: Display: Loaded TP MacNoEditorTargetPlatform
[2018.01.14-03.59.12:167][  0]LogTemp: Display: Loaded TP MacServerTargetPlatform
[2018.01.14-03.59.12:256][  0]LogTemp: Display: Loaded TP MacTargetPlatform
[2018.01.14-03.59.12:346][  0]LogTemp: Display: Loaded TP WindowsClientTargetPlatform
[2018.01.14-03.59.12:434][  0]LogTemp: Display: Loaded TP WindowsNoEditorTargetPlatform
[2018.01.14-03.59.12:523][  0]LogTemp: Display: Loaded TP WindowsServerTargetPlatform
[2018.01.14-03.59.12:601][  0]LogTemp: Display: Loaded TP WindowsTargetPlatform
[2018.01.14-03.59.12:689][  0]LogTemp: Display: Loaded TP Android_ASTCTargetPlatform
[2018.01.14-03.59.12:776][  0]LogTemp: Display: Loaded TP Android_ATCTargetPlatform
[2018.01.14-03.59.12:863][  0]LogTemp: Display: Loaded TP Android_DXTTargetPlatform
[2018.01.14-03.59.12:951][  0]LogTemp: Display: Loaded TP Android_ETC1TargetPlatform
[2018.01.14-03.59.13:038][  0]LogTemp: Display: Loaded TP Android_ETC2TargetPlatform
[2018.01.14-03.59.13:217][  0]LogTemp: Display: Loaded TP Android_MultiTargetPlatform
[2018.01.14-03.59.13:217][  0]LogTemp: Display: Loaded TP Android_PVRTCTargetPlatform
[2018.01.14-03.59.13:306][  0]LogTemp: Display: Loaded TP AndroidTargetPlatform
[2018.01.14-03.59.13:380][  0]LogTemp: Display: Loaded TP HTML5TargetPlatform
[2018.01.14-03.59.13:524][  0]LogTemp: Display: Loaded TP IOSTargetPlatform
[2018.01.14-03.59.13:571][  0]LogTemp: Display: Loaded TP TVOSTargetPlatform
[2018.01.14-03.59.13:660][  0]LogTemp: Display: Loaded TP LinuxClientTargetPlatform
[2018.01.14-03.59.13:752][  0]LogTemp: Display: Loaded TP LinuxNoEditorTargetPlatform
[2018.01.14-03.59.13:845][  0]LogTemp: Display: Loaded TP LinuxServerTargetPlatform
[2018.01.14-03.59.13:934][  0]LogTemp: Display: Loaded TP LinuxTargetPlatform
[2018.01.14-03.59.13:934][  0]LogTargetPlatformManager: Display: Building Assets For Windows
[2018.01.14-03.59.14:805][  0]LogDerivedDataCache: Display: Max Cache Size: 512 MB
[2018.01.14-03.59.14:972][  0]LogDerivedDataCache: Loaded boot cache 0.17s 78MB C:/Users/Arax/AppData/Local/UnrealEngine/4.18/DerivedDataCache/Boot.ddc.
[2018.01.14-03.59.14:972][  0]LogDerivedDataCache: Display: Loaded Boot cache: C:/Users/Arax/AppData/Local/UnrealEngine/4.18/DerivedDataCache/Boot.ddc
[2018.01.14-03.59.14:972][  0]LogDerivedDataCache: FDerivedDataBackendGraph:  Pak pak cache file ../../../../../../Users/Arax/Documents/Repos/EscapeRoom/DerivedDataCache/DDC.ddp not found, will not use a pak cache.
[2018.01.14-03.59.14:972][  0]LogDerivedDataCache: Unable to find inner node Pak for hierarchical cache Hierarchy.
[2018.01.14-03.59.14:972][  0]LogDerivedDataCache: FDerivedDataBackendGraph:  CompressedPak pak cache file ../../../../../../Users/Arax/Documents/Repos/EscapeRoom/DerivedDataCache/Compressed.ddp not found, will not use a pak cache.
[2018.01.14-03.59.14:972][  0]LogDerivedDataCache: Unable to find inner node CompressedPak for hierarchical cache Hierarchy.
[2018.01.14-03.59.14:996][  0]LogDerivedDataCache: Display: Pak cache opened for reading ../../../Engine/DerivedDataCache/Compressed.ddp.
[2018.01.14-03.59.15:010][  0]LogDerivedDataCache: Using Local data cache path C:/Users/Arax/AppData/Local/UnrealEngine/Common/DerivedDataCache: Writable
[2018.01.14-03.59.15:026][  0]LogMaterial: Verifying Global Shaders for PCD3D_SM5
[2018.01.14-03.59.15:026][  0]LogSlate: Using Freetype 2.6.0
[2018.01.14-03.59.15:028][  0]LogSlate: SlateFontCache - WITH_FREETYPE: 1, WITH_HARFBUZZ: 1
[2018.01.14-03.59.15:028][  0]LogSlate: SlateFontCache - WITH_FREETYPE: 1, WITH_HARFBUZZ: 1
[2018.01.14-03.59.15:603][  0]LogInit: Selected Device Profile: [Windows]
[2018.01.14-03.59.16:167][  0]LogSimplygon: Simplygon DLL not present - disabling.
[2018.01.14-03.59.16:241][  0]LogMeshReduction: Using SimplygonSwarm for distributed automatic mesh merging
[2018.01.14-03.59.16:241][  0]LogMeshReduction: Using QuadricMeshReduction for automatic static mesh reduction
[2018.01.14-03.59.16:241][  0]LogMeshReduction: No automatic skeletal mesh reduction module available
[2018.01.14-03.59.16:241][  0]LogMeshReduction: No automatic mesh merging module available
[2018.01.14-03.59.16:241][  0]LogMeshMerging: No automatic mesh merging module available
[2018.01.14-03.59.16:293][  0]LogNetVersion: EscapeRoom , NetCL: 3709383, EngineNetVer: 2, GameNetVer: 0 (Checksum: 405036175)
[2018.01.14-03.59.16:544][  0]LogAssetRegistry: FAssetRegistry took 0.0285 seconds to start up
[2018.01.14-03.59.17:427][  0]LogPackageLocalizationCache: Processed 7 localized package path(s) for 2 prioritized culture(s) in 0.117003 seconds
[2018.01.14-03.59.17:434][  0]LogUObjectArray: 35900 objects as part of root set at end of initial load.
[2018.01.14-03.59.17:434][  0]LogUObjectAllocator: 7372016 out of 0 bytes used by permanent object pool.
[2018.01.14-03.59.17:434][  0]LogUObjectArray: CloseDisregardForGC: 0/0 objects in disregard for GC pool
[2018.01.14-03.59.17:532][  0]LogInit: WinSock: version 1.1 (2.2), MaxSocks=32767, MaxUdp=65467
[2018.01.14-03.59.21:996][  0]LogTcpMessaging: Initializing TcpMessaging bridge
[2018.01.14-03.59.22:067][  0]LogUdpMessaging: Initializing bridge on interface 0.0.0.0:0 to multicast group 230.0.0.1:6666.
[2018.01.14-03.59.22:870][  0]LogModuleManager: Warning: ModuleManager: Unable to load module 'EscapeRoom' because the file 'C:/Users/Arax/Documents/Repos/EscapeRoom/Binaries/Win64/UE4Editor-EscapeRoom.dll' was not found.
[2018.01.14-03.59.26:065][  0]LogWindowsTextInputMethodSystem: Display: IME system now deactivated.
[2018.01.14-03.59.26:065][  0]LogWindowsTextInputMethodSystem: Display: IME system now deactivated.
[2018.01.14-03.59.26:080][  0]LogExit: Preparing to exit.
[2018.01.14-03.59.27:325][  0]LogDirectoryWatcher: A directory notification for '../../../Engine/Content/' was aborted.
[2018.01.14-03.59.27:325][  0]LogDirectoryWatcher: A directory notification for '../../../../../../Users/Arax/Documents/Repos/EscapeRoom/Content/' was aborted.
[2018.01.14-03.59.27:325][  0]LogDirectoryWatcher: A directory notification for '../../../Engine/Plugins/2D/Paper2D/Content/' was aborted.
[2018.01.14-03.59.27:325][  0]LogDirectoryWatcher: A directory notification for '../../../Engine/Plugins/Media/MediaCompositing/Content/' was aborted.
[2018.01.14-03.59.27:325][  0]LogDirectoryWatcher: A directory notification for '../../../Engine/Plugins/Runtime/AppleARKit/Content/' was aborted.
[2018.01.14-03.59.27:325][  0]LogDirectoryWatcher: A directory notification for '../../../Engine/Plugins/Runtime/Oculus/OculusVR/Content/' was aborted.
[2018.01.14-03.59.27:325][  0]LogDirectoryWatcher: A directory notification for '../../../Engine/Plugins/Runtime/Steam/SteamVR/Content/' was aborted.
[2018.01.14-03.59.27:370][  0]LogExit: Object subsystem successfully closed.
[2018.01.14-03.59.27:391][  0]LogD3D11RHI: Shutdown
[2018.01.14-03.59.27:391][  0]LogD3D11RHI: CleanupD3DDevice
[2018.01.14-03.59.27:501][  0]LogD3D11RHI: ~FD3D11DynamicRHI
[2018.01.14-03.59.27:502][  0]LogModuleManager: Shutting down and abandoning module RuntimePhysXCooking (268)
[2018.01.14-03.59.27:502][  0]LogModuleManager: Shutting down and abandoning module PhysXVehiclesEditor (266)
[2018.01.14-03.59.27:502][  0]LogModuleManager: Shutting down and abandoning module PhysXVehicles (264)
[2018.01.14-03.59.27:502][  0]LogModuleManager: Shutting down and abandoning module OculusEditor (262)
[2018.01.14-03.59.27:502][  0]LogModuleManager: Shutting down and abandoning module LocationServicesBPLibrary (260)
[2018.01.14-03.59.27:502][  0]LogModuleManager: Shutting down and abandoning module ImmediatePhysicsEditor (258)
[2018.01.14-03.59.27:502][  0]LogModuleManager: Shutting down and abandoning module ImmediatePhysics (256)
[2018.01.14-03.59.27:502][  0]LogModuleManager: Shutting down and abandoning module UdpMessaging (254)
[2018.01.14-03.59.27:603][  0]LogModuleManager: Shutting down and abandoning module TcpMessaging (252)
[2018.01.14-03.59.28:001][  0]LogModuleManager: Shutting down and abandoning module GameplayTagsEditor (250)
[2018.01.14-03.59.28:001][  0]LogModuleManager: Shutting down and abandoning module FacialAnimationEditor (248)
[2018.01.14-03.59.28:001][  0]LogModuleManager: Shutting down and abandoning module FacialAnimation (246)
[2018.01.14-03.59.28:001][  0]LogModuleManager: Shutting down and abandoning module AssetManagerEditor (244)
[2018.01.14-03.59.28:001][  0]LogModuleManager: Shutting down and abandoning module GraphEditor (243)
[2018.01.14-03.59.28:001][  0]LogModuleManager: Shutting down and abandoning module ContentBrowser (241)
[2018.01.14-03.59.28:002][  0]LogModuleManager: Shutting down and abandoning module LightPropagationVolumeRuntime (238)
[2018.01.14-03.59.28:002][  0]LogModuleManager: Shutting down and abandoning module Paper2D (236)
[2018.01.14-03.59.28:002][  0]LogModuleManager: Shutting down and abandoning module WindowsMoviePlayer (234)
[2018.01.14-03.59.28:002][  0]LogModuleManager: Shutting down and abandoning module WmfMedia (232)
[2018.01.14-03.59.28:002][  0]LogModuleManager: Shutting down and abandoning module ImgMedia (230)
[2018.01.14-03.59.28:002][  0]LogModuleManager: Shutting down and abandoning module PacketHandler (228)
[2018.01.14-03.59.28:002][  0]LogModuleManager: Shutting down and abandoning module ClothingSystemEditor (226)
[2018.01.14-03.59.28:002][  0]LogModuleManager: Shutting down and abandoning module ClothingSystemRuntime (224)
[2018.01.14-03.59.28:002][  0]LogModuleManager: Shutting down and abandoning module MediaAssets (222)
[2018.01.14-03.59.28:002][  0]LogModuleManager: Shutting down and abandoning module Media (221)
[2018.01.14-03.59.28:008][  0]LogModuleManager: Shutting down and abandoning module Overlay (218)
[2018.01.14-03.59.28:008][  0]LogModuleManager: Shutting down and abandoning module OverlayEditor (217)
[2018.01.14-03.59.28:008][  0]LogModuleManager: Shutting down and abandoning module VREditor (214)
[2018.01.14-03.59.28:008][  0]LogModuleManager: Shutting down and abandoning module StringTableEditor (212)
[2018.01.14-03.59.28:008][  0]LogModuleManager: Shutting down and abandoning module GameplayTasksEditor (210)
[2018.01.14-03.59.28:008][  0]LogModuleManager: Shutting down and abandoning module BehaviorTreeEditor (208)
[2018.01.14-03.59.28:008][  0]LogModuleManager: Shutting down and abandoning module FunctionalTesting (206)
[2018.01.14-03.59.28:008][  0]LogModuleManager: Shutting down and abandoning module CollisionAnalyzer (204)
[2018.01.14-03.59.28:008][  0]LogModuleManager: Shutting down and abandoning module WorkspaceMenuStructure (203)
[2018.01.14-03.59.28:008][  0]LogModuleManager: Shutting down and abandoning module UMG (200)
[2018.01.14-03.59.28:008][  0]LogModuleManager: Shutting down and abandoning module UMGEditor (199)
[2018.01.14-03.59.28:008][  0]LogModuleManager: Shutting down and abandoning module Sequencer (198)
[2018.01.14-03.59.28:009][  0]LogModuleManager: Shutting down and abandoning module MessageLog (195)
[2018.01.14-03.59.28:009][  0]LogModuleManager: Shutting down and abandoning module SlateReflector (190)
[2018.01.14-03.59.28:009][  0]LogModuleManager: Shutting down and abandoning module Slate (188)
[2018.01.14-03.59.28:009][  0]LogModuleManager: Shutting down and abandoning module EditorStyle (186)
[2018.01.14-03.59.28:012][  0]LogModuleManager: Shutting down and abandoning module MRMesh (184)
[2018.01.14-03.59.28:012][  0]LogModuleManager: Shutting down and abandoning module SourceCodeAccess (182)
[2018.01.14-03.59.28:012][  0]LogModuleManager: Shutting down and abandoning module HeadMountedDisplay (180)
[2018.01.14-03.59.28:012][  0]LogModuleManager: Shutting down and abandoning module XAudio2 (178)
[2018.01.14-03.59.28:012][  0]LogModuleManager: Shutting down and abandoning module Networking (176)
[2018.01.14-03.59.28:012][  0]LogModuleManager: Shutting down and abandoning module Core (172)
[2018.01.14-03.59.28:012][  0]LogModuleManager: Shutting down and abandoning module LevelSequence (168)
[2018.01.14-03.59.28:012][  0]LogModuleManager: Shutting down and abandoning module DirectoryWatcher (166)
[2018.01.14-03.59.28:013][  0]LogModuleManager: Shutting down and abandoning module KismetCompiler (164)
[2018.01.14-03.59.28:013][  0]LogModuleManager: Shutting down and abandoning module MeshUtilities (162)
[2018.01.14-03.59.28:013][  0]LogModuleManager: Shutting down and abandoning module MeshMergeUtilities (161)
[2018.01.14-03.59.28:013][  0]LogModuleManager: Shutting down and abandoning module MeshReductionInterface (160)
[2018.01.14-03.59.28:013][  0]LogModuleManager: Shutting down and abandoning module SimplygonSwarm (159)
[2018.01.14-03.59.28:013][  0]LogModuleManager: Shutting down and abandoning module SimplygonMeshReduction (157)
[2018.01.14-03.59.28:013][  0]LogModuleManager: Shutting down and abandoning module QuadricMeshReduction (155)
[2018.01.14-03.59.28:013][  0]LogModuleManager: Shutting down and abandoning module MaterialBaking (151)
[2018.01.14-03.59.28:013][  0]LogModuleManager: Shutting down and abandoning module DerivedDataCache (148)
[2018.01.14-03.59.28:017][  0]LogDerivedDataCache: Shutdown
[2018.01.14-03.59.28:017][  0]LogModuleManager: Shutting down and abandoning module TargetPlatform (146)
[2018.01.14-03.59.28:017][  0]LogModuleManager: Shutting down and abandoning module VulkanShaderFormat (145)
[2018.01.14-03.59.28:017][  0]LogModuleManager: Shutting down and abandoning module ShaderFormatVectorVM (143)
[2018.01.14-03.59.28:017][  0]LogModuleManager: Shutting down and abandoning module ShaderFormatOpenGL (141)
[2018.01.14-03.59.28:017][  0]LogModuleManager: Shutting down and abandoning module ShaderFormatD3D (139)
[2018.01.14-03.59.28:018][  0]LogModuleManager: Shutting down and abandoning module MetalShaderFormat (137)
[2018.01.14-03.59.28:018][  0]LogModuleManager: Shutting down and abandoning module TextureFormatUncompressed (135)
[2018.01.14-03.59.28:018][  0]LogModuleManager: Shutting down and abandoning module TextureFormatPVR (133)
[2018.01.14-03.59.28:018][  0]LogModuleManager: Shutting down and abandoning module TextureFormatDXT (131)
[2018.01.14-03.59.28:018][  0]LogModuleManager: Shutting down and abandoning module TextureFormatIntelISPCTexComp (129)
[2018.01.14-03.59.28:018][  0]LogModuleManager: Shutting down and abandoning module TextureFormatASTC (127)
[2018.01.14-03.59.28:018][  0]LogModuleManager: Shutting down and abandoning module ImageWrapper (126)
[2018.01.14-03.59.28:018][  0]LogModuleManager: Shutting down and abandoning module TextureFormatAndroid (123)
[2018.01.14-03.59.28:018][  0]LogModuleManager: Shutting down and abandoning module AudioFormatOpus (121)
[2018.01.14-03.59.28:018][  0]LogModuleManager: Shutting down and abandoning module AudioFormatOgg (119)
[2018.01.14-03.59.28:018][  0]LogModuleManager: Shutting down and abandoning module AudioFormatADPCM (117)
[2018.01.14-03.59.28:018][  0]LogModuleManager: Shutting down and abandoning module LinuxTargetPlatform (115)
[2018.01.14-03.59.28:018][  0]LogModuleManager: Shutting down and abandoning module LinuxServerTargetPlatform (113)
[2018.01.14-03.59.28:018][  0]LogModuleManager: Shutting down and abandoning module LinuxNoEditorTargetPlatform (111)
[2018.01.14-03.59.28:018][  0]LogModuleManager: Shutting down and abandoning module LinuxClientTargetPlatform (109)
[2018.01.14-03.59.28:018][  0]LogModuleManager: Shutting down and abandoning module TVOSTargetPlatform (107)
[2018.01.14-03.59.28:018][  0]LogModuleManager: Shutting down and abandoning module Messaging (105)
[2018.01.14-03.59.28:018][  0]LogModuleManager: Shutting down and abandoning module IOSTargetPlatform (103)
[2018.01.14-03.59.28:018][  0]LogModuleManager: Shutting down and abandoning module HTML5TargetPlatform (101)
[2018.01.14-03.59.28:018][  0]LogModuleManager: Shutting down and abandoning module AndroidTargetPlatform (99)
[2018.01.14-03.59.28:018][  0]LogModuleManager: Shutting down and abandoning module Android_PVRTCTargetPlatform (97)
[2018.01.14-03.59.28:018][  0]LogModuleManager: Shutting down and abandoning module Android_MultiTargetPlatform (95)
[2018.01.14-03.59.28:018][  0]LogModuleManager: Shutting down and abandoning module Android_ETC2TargetPlatform (93)
[2018.01.14-03.59.28:018][  0]LogModuleManager: Shutting down and abandoning module Android_ETC1TargetPlatform (91)
[2018.01.14-03.59.28:018][  0]LogModuleManager: Shutting down and abandoning module Android_DXTTargetPlatform (89)
[2018.01.14-03.59.28:018][  0]LogModuleManager: Shutting down and abandoning module Android_ATCTargetPlatform (87)
[2018.01.14-03.59.28:018][  0]LogModuleManager: Shutting down and abandoning module Android_ASTCTargetPlatform (85)
[2018.01.14-03.59.28:018][  0]LogModuleManager: Shutting down and abandoning module WindowsTargetPlatform (83)
[2018.01.14-03.59.28:018][  0]LogModuleManager: Shutting down and abandoning module WindowsServerTargetPlatform (81)
[2018.01.14-03.59.28:018][  0]LogModuleManager: Shutting down and abandoning module WindowsNoEditorTargetPlatform (79)
[2018.01.14-03.59.28:018][  0]LogModuleManager: Shutting down and abandoning module WindowsClientTargetPlatform (77)
[2018.01.14-03.59.28:018][  0]LogModuleManager: Shutting down and abandoning module MacTargetPlatform (75)
[2018.01.14-03.59.28:018][  0]LogModuleManager: Shutting down and abandoning module MacServerTargetPlatform (73)
[2018.01.14-03.59.28:018][  0]LogModuleManager: Shutting down and abandoning module MacNoEditorTargetPlatform (71)
[2018.01.14-03.59.28:018][  0]LogModuleManager: Shutting down and abandoning module MacClientTargetPlatform (69)
[2018.01.14-03.59.28:018][  0]LogModuleManager: Shutting down and abandoning module AllDesktopTargetPlatform (67)
[2018.01.14-03.59.28:018][  0]LogModuleManager: Shutting down and abandoning module InputCore (64)
[2018.01.14-03.59.28:018][  0]LogModuleManager: Shutting down and abandoning module Settings (62)
[2018.01.14-03.59.28:018][  0]LogModuleManager: Shutting down and abandoning module PhysXCooking (60)
[2018.01.14-03.59.28:018][  0]LogModuleManager: Shutting down and abandoning module SteamVR (58)
[2018.01.14-03.59.28:018][  0]LogModuleManager: Shutting down and abandoning module OculusHMD (56)
[2018.01.14-03.59.28:018][  0]LogModuleManager: Shutting down and abandoning module ExampleDeviceProfileSelector (54)
[2018.01.14-03.59.28:018][  0]LogModuleManager: Shutting down and abandoning module AppleARKit (52)
[2018.01.14-03.59.28:018][  0]LogModuleManager: Shutting down and abandoning module AugmentedReality (51)
[2018.01.14-03.59.28:018][  0]LogModuleManager: Shutting down and abandoning module OnlineBlueprintSupport (48)
[2018.01.14-03.59.28:018][  0]LogModuleManager: Shutting down and abandoning module OnlineSubsystem (44)
[2018.01.14-03.59.28:018][  0]LogModuleManager: Shutting down and abandoning module XMPP (43)
[2018.01.14-03.59.28:018][  0]LogModuleManager: Shutting down and abandoning module HTTP (41)
[2018.01.14-03.59.28:038][  0]LogModuleManager: Shutting down and abandoning module SSL (40)
[2018.01.14-03.59.28:040][  0]LogModuleManager: Shutting down and abandoning module AnimationModifiers (36)
[2018.01.14-03.59.28:040][  0]LogModuleManager: Shutting down and abandoning module PropertyEditor (35)
[2018.01.14-03.59.28:040][  0]LogModuleManager: Shutting down and abandoning module AudioEditor (32)
[2018.01.14-03.59.28:040][  0]LogModuleManager: Shutting down and abandoning module TextureCompressor (30)
[2018.01.14-03.59.28:040][  0]LogModuleManager: Shutting down and abandoning module ShaderCore (28)
[2018.01.14-03.59.28:040][  0]LogModuleManager: Shutting down and abandoning module Landscape (26)
[2018.01.14-03.59.28:040][  0]LogModuleManager: Shutting down and abandoning module SlateRHIRenderer (24)
[2018.01.14-03.59.28:040][  0]LogModuleManager: Shutting down and abandoning module OpenGLDrv (22)
[2018.01.14-03.59.28:040][  0]LogModuleManager: Shutting down and abandoning module D3D11RHI (20)
[2018.01.14-03.59.28:040][  0]LogModuleManager: Shutting down and abandoning module AnimGraphRuntime (18)
[2018.01.14-03.59.28:040][  0]LogModuleManager: Shutting down and abandoning module Renderer (16)
[2018.01.14-03.59.28:040][  0]LogModuleManager: Shutting down and abandoning module Engine (14)
[2018.01.14-03.59.28:040][  0]LogModuleManager: Shutting down and abandoning module CoreUObject (12)
[2018.01.14-03.59.28:040][  0]LogModuleManager: Shutting down and abandoning module NetworkFile (10)
[2018.01.14-03.59.28:040][  0]LogModuleManager: Shutting down and abandoning module CookedIterativeFile (8)
[2018.01.14-03.59.28:040][  0]LogModuleManager: Shutting down and abandoning module StreamingFile (6)
[2018.01.14-03.59.28:040][  0]LogModuleManager: Shutting down and abandoning module SandboxFile (4)
[2018.01.14-03.59.28:040][  0]LogModuleManager: Shutting down and abandoning module PakFile (2)
[2018.01.14-03.59.28:044][  0]LogExit: Exiting.
[2018.01.14-03.59.28:046][  0]Log file closed, 01/13/18 21:59:28
